#! /usr/local/Cellar/icarus-verilog/11.0/bin/vvp
:ivl_version "11.0 (stable)";
:ivl_delay_selection "TYPICAL";
:vpi_time_precision + 0;
:vpi_module "/usr/local/Cellar/icarus-verilog/11.0/lib/ivl/system.vpi";
:vpi_module "/usr/local/Cellar/icarus-verilog/11.0/lib/ivl/vhdl_sys.vpi";
:vpi_module "/usr/local/Cellar/icarus-verilog/11.0/lib/ivl/vhdl_textio.vpi";
:vpi_module "/usr/local/Cellar/icarus-verilog/11.0/lib/ivl/v2005_math.vpi";
:vpi_module "/usr/local/Cellar/icarus-verilog/11.0/lib/ivl/va_math.vpi";
S_0x7f915ea04180 .scope module, "and_gate_tb" "and_gate_tb" 2 1;
 .timescale 0 0;
v0x7f915ea14750_0 .var "a", 0 0;
v0x7f915ea147f0_0 .var "b", 0 0;
v0x7f915ea148a0_0 .net "c", 0 0, L_0x7f915ea14970;  1 drivers
S_0x7f915ea04300 .scope module, "uut" "and_gate" 2 7, 3 8 0, S_0x7f915ea04180;
 .timescale 0 0;
    .port_info 0 /INPUT 1 "a";
    .port_info 1 /INPUT 1 "b";
    .port_info 2 /OUTPUT 1 "c";
L_0x7f915ea14970 .functor AND 1, v0x7f915ea14750_0, v0x7f915ea147f0_0, C4<1>, C4<1>;
v0x7f915ea04510_0 .net "a", 0 0, v0x7f915ea14750_0;  1 drivers
v0x7f915ea145b0_0 .net "b", 0 0, v0x7f915ea147f0_0;  1 drivers
v0x7f915ea14650_0 .net "c", 0 0, L_0x7f915ea14970;  alias, 1 drivers
    .scope S_0x7f915ea04180;
T_0 ;
    %pushi/vec4 0, 0, 1;
    %store/vec4 v0x7f915ea14750_0, 0, 1;
    %pushi/vec4 0, 0, 1;
    %store/vec4 v0x7f915ea147f0_0, 0, 1;
    %delay 5, 0;
    %vpi_call 2 16 "$display", "a=%b, b=%b, c=%b", v0x7f915ea14750_0, v0x7f915ea147f0_0, v0x7f915ea148a0_0 {0 0 0};
    %pushi/vec4 0, 0, 1;
    %store/vec4 v0x7f915ea14750_0, 0, 1;
    %pushi/vec4 1, 0, 1;
    %store/vec4 v0x7f915ea147f0_0, 0, 1;
    %delay 5, 0;
    %vpi_call 2 20 "$display", "a=%b, b=%b, c=%b", v0x7f915ea14750_0, v0x7f915ea147f0_0, v0x7f915ea148a0_0 {0 0 0};
    %pushi/vec4 1, 0, 1;
    %store/vec4 v0x7f915ea14750_0, 0, 1;
    %pushi/vec4 0, 0, 1;
    %store/vec4 v0x7f915ea147f0_0, 0, 1;
    %delay 5, 0;
    %vpi_call 2 24 "$display", "a=%b, b=%b, c=%b", v0x7f915ea14750_0, v0x7f915ea147f0_0, v0x7f915ea148a0_0 {0 0 0};
    %pushi/vec4 1, 0, 1;
    %store/vec4 v0x7f915ea14750_0, 0, 1;
    %pushi/vec4 1, 0, 1;
    %store/vec4 v0x7f915ea147f0_0, 0, 1;
    %delay 5, 0;
    %vpi_call 2 28 "$display", "a=%b, b=%b, c=%b", v0x7f915ea14750_0, v0x7f915ea147f0_0, v0x7f915ea148a0_0 {0 0 0};
    %delay 5, 0;
    %vpi_call 2 30 "$finish" {0 0 0};
    %end;
    .thread T_0;
# The file index is used to find the file name in the following table.
:file_names 4;
    "N/A";
    "<interactive>";
    "hello_world_test.v";
    "hello_world.v";
