#! /c/Source/iverilog-install/bin/vvp
:ivl_version "12.0 (devel)" "(s20150603-1539-g2693dd32b)";
:ivl_delay_selection "TYPICAL";
:vpi_time_precision - 9;
:vpi_module "C:\iverilog\lib\ivl\system.vpi";
:vpi_module "C:\iverilog\lib\ivl\vhdl_sys.vpi";
:vpi_module "C:\iverilog\lib\ivl\vhdl_textio.vpi";
:vpi_module "C:\iverilog\lib\ivl\v2005_math.vpi";
:vpi_module "C:\iverilog\lib\ivl\va_math.vpi";
S_000001cefcde1880 .scope module, "ram_512x8_precharge" "ram_512x8_precharge" 2 4;
 .timescale -9 -9;
v000001cefcd968e0_0 .var "Address", 8 0;
v000001cefcd96980_0 .var "DataIn", 31 0;
v000001cefcd96a20_0 .net "DataOut", 31 0, v000001cefcd98b70_0;  1 drivers
v000001cefcd96ac0_0 .var "Enable", 0 0;
v000001cefcde3f60_0 .var "ReadWrite", 0 0;
v000001cefcde4000_0 .var "SignExtend", 0 0;
v000001cefcde40a0_0 .var "Size", 1 0;
v000001cefcde4140_0 .var/i "code", 31 0;
v000001cefce6bfc0_0 .var/i "data", 31 0;
v000001cefce6be80_0 .var/i "fi", 31 0;
S_000001cefcd9bca0 .scope module, "ram1" "ram_512x8" 2 14, 3 2 0, S_000001cefcde1880;
 .timescale 0 0;
    .port_info 0 /OUTPUT 32 "DataOut";
    .port_info 1 /INPUT 1 "Enable";
    .port_info 2 /INPUT 1 "ReadWrite";
    .port_info 3 /INPUT 1 "SignExtend";
    .port_info 4 /INPUT 9 "Address";
    .port_info 5 /INPUT 32 "DataIn";
    .port_info 6 /INPUT 2 "Size";
v000001cefcd96ef0_0 .net "Address", 8 0, v000001cefcd968e0_0;  1 drivers
v000001cefcde1a10_0 .net "DataIn", 31 0, v000001cefcd96980_0;  1 drivers
v000001cefcd98b70_0 .var "DataOut", 31 0;
v000001cefcd9be30_0 .net "Enable", 0 0, v000001cefcd96ac0_0;  1 drivers
v000001cefcd9bed0 .array "Mem", 511 0, 7 0;
v000001cefcd96700_0 .net "ReadWrite", 0 0, v000001cefcde3f60_0;  1 drivers
v000001cefcd967a0_0 .net "SignExtend", 0 0, v000001cefcde4000_0;  1 drivers
v000001cefcd96840_0 .net "Size", 1 0, v000001cefcde40a0_0;  1 drivers
E_000001cefce06ad0/0 .event anyedge, v000001cefcd9be30_0, v000001cefcd96700_0, v000001cefcd96840_0, v000001cefcde1a10_0;
v000001cefcd9bed0_0 .array/port v000001cefcd9bed0, 0;
v000001cefcd9bed0_1 .array/port v000001cefcd9bed0, 1;
E_000001cefce06ad0/1 .event anyedge, v000001cefcd96ef0_0, v000001cefcd967a0_0, v000001cefcd9bed0_0, v000001cefcd9bed0_1;
v000001cefcd9bed0_2 .array/port v000001cefcd9bed0, 2;
v000001cefcd9bed0_3 .array/port v000001cefcd9bed0, 3;
v000001cefcd9bed0_4 .array/port v000001cefcd9bed0, 4;
v000001cefcd9bed0_5 .array/port v000001cefcd9bed0, 5;
E_000001cefce06ad0/2 .event anyedge, v000001cefcd9bed0_2, v000001cefcd9bed0_3, v000001cefcd9bed0_4, v000001cefcd9bed0_5;
v000001cefcd9bed0_6 .array/port v000001cefcd9bed0, 6;
v000001cefcd9bed0_7 .array/port v000001cefcd9bed0, 7;
v000001cefcd9bed0_8 .array/port v000001cefcd9bed0, 8;
v000001cefcd9bed0_9 .array/port v000001cefcd9bed0, 9;
E_000001cefce06ad0/3 .event anyedge, v000001cefcd9bed0_6, v000001cefcd9bed0_7, v000001cefcd9bed0_8, v000001cefcd9bed0_9;
v000001cefcd9bed0_10 .array/port v000001cefcd9bed0, 10;
v000001cefcd9bed0_11 .array/port v000001cefcd9bed0, 11;
v000001cefcd9bed0_12 .array/port v000001cefcd9bed0, 12;
v000001cefcd9bed0_13 .array/port v000001cefcd9bed0, 13;
E_000001cefce06ad0/4 .event anyedge, v000001cefcd9bed0_10, v000001cefcd9bed0_11, v000001cefcd9bed0_12, v000001cefcd9bed0_13;
v000001cefcd9bed0_14 .array/port v000001cefcd9bed0, 14;
v000001cefcd9bed0_15 .array/port v000001cefcd9bed0, 15;
v000001cefcd9bed0_16 .array/port v000001cefcd9bed0, 16;
v000001cefcd9bed0_17 .array/port v000001cefcd9bed0, 17;
E_000001cefce06ad0/5 .event anyedge, v000001cefcd9bed0_14, v000001cefcd9bed0_15, v000001cefcd9bed0_16, v000001cefcd9bed0_17;
v000001cefcd9bed0_18 .array/port v000001cefcd9bed0, 18;
v000001cefcd9bed0_19 .array/port v000001cefcd9bed0, 19;
v000001cefcd9bed0_20 .array/port v000001cefcd9bed0, 20;
v000001cefcd9bed0_21 .array/port v000001cefcd9bed0, 21;
E_000001cefce06ad0/6 .event anyedge, v000001cefcd9bed0_18, v000001cefcd9bed0_19, v000001cefcd9bed0_20, v000001cefcd9bed0_21;
v000001cefcd9bed0_22 .array/port v000001cefcd9bed0, 22;
v000001cefcd9bed0_23 .array/port v000001cefcd9bed0, 23;
v000001cefcd9bed0_24 .array/port v000001cefcd9bed0, 24;
v000001cefcd9bed0_25 .array/port v000001cefcd9bed0, 25;
E_000001cefce06ad0/7 .event anyedge, v000001cefcd9bed0_22, v000001cefcd9bed0_23, v000001cefcd9bed0_24, v000001cefcd9bed0_25;
v000001cefcd9bed0_26 .array/port v000001cefcd9bed0, 26;
v000001cefcd9bed0_27 .array/port v000001cefcd9bed0, 27;
v000001cefcd9bed0_28 .array/port v000001cefcd9bed0, 28;
v000001cefcd9bed0_29 .array/port v000001cefcd9bed0, 29;
E_000001cefce06ad0/8 .event anyedge, v000001cefcd9bed0_26, v000001cefcd9bed0_27, v000001cefcd9bed0_28, v000001cefcd9bed0_29;
v000001cefcd9bed0_30 .array/port v000001cefcd9bed0, 30;
v000001cefcd9bed0_31 .array/port v000001cefcd9bed0, 31;
v000001cefcd9bed0_32 .array/port v000001cefcd9bed0, 32;
v000001cefcd9bed0_33 .array/port v000001cefcd9bed0, 33;
E_000001cefce06ad0/9 .event anyedge, v000001cefcd9bed0_30, v000001cefcd9bed0_31, v000001cefcd9bed0_32, v000001cefcd9bed0_33;
v000001cefcd9bed0_34 .array/port v000001cefcd9bed0, 34;
v000001cefcd9bed0_35 .array/port v000001cefcd9bed0, 35;
v000001cefcd9bed0_36 .array/port v000001cefcd9bed0, 36;
v000001cefcd9bed0_37 .array/port v000001cefcd9bed0, 37;
E_000001cefce06ad0/10 .event anyedge, v000001cefcd9bed0_34, v000001cefcd9bed0_35, v000001cefcd9bed0_36, v000001cefcd9bed0_37;
v000001cefcd9bed0_38 .array/port v000001cefcd9bed0, 38;
v000001cefcd9bed0_39 .array/port v000001cefcd9bed0, 39;
v000001cefcd9bed0_40 .array/port v000001cefcd9bed0, 40;
v000001cefcd9bed0_41 .array/port v000001cefcd9bed0, 41;
E_000001cefce06ad0/11 .event anyedge, v000001cefcd9bed0_38, v000001cefcd9bed0_39, v000001cefcd9bed0_40, v000001cefcd9bed0_41;
v000001cefcd9bed0_42 .array/port v000001cefcd9bed0, 42;
v000001cefcd9bed0_43 .array/port v000001cefcd9bed0, 43;
v000001cefcd9bed0_44 .array/port v000001cefcd9bed0, 44;
v000001cefcd9bed0_45 .array/port v000001cefcd9bed0, 45;
E_000001cefce06ad0/12 .event anyedge, v000001cefcd9bed0_42, v000001cefcd9bed0_43, v000001cefcd9bed0_44, v000001cefcd9bed0_45;
v000001cefcd9bed0_46 .array/port v000001cefcd9bed0, 46;
v000001cefcd9bed0_47 .array/port v000001cefcd9bed0, 47;
v000001cefcd9bed0_48 .array/port v000001cefcd9bed0, 48;
v000001cefcd9bed0_49 .array/port v000001cefcd9bed0, 49;
E_000001cefce06ad0/13 .event anyedge, v000001cefcd9bed0_46, v000001cefcd9bed0_47, v000001cefcd9bed0_48, v000001cefcd9bed0_49;
v000001cefcd9bed0_50 .array/port v000001cefcd9bed0, 50;
v000001cefcd9bed0_51 .array/port v000001cefcd9bed0, 51;
v000001cefcd9bed0_52 .array/port v000001cefcd9bed0, 52;
v000001cefcd9bed0_53 .array/port v000001cefcd9bed0, 53;
E_000001cefce06ad0/14 .event anyedge, v000001cefcd9bed0_50, v000001cefcd9bed0_51, v000001cefcd9bed0_52, v000001cefcd9bed0_53;
v000001cefcd9bed0_54 .array/port v000001cefcd9bed0, 54;
v000001cefcd9bed0_55 .array/port v000001cefcd9bed0, 55;
v000001cefcd9bed0_56 .array/port v000001cefcd9bed0, 56;
v000001cefcd9bed0_57 .array/port v000001cefcd9bed0, 57;
E_000001cefce06ad0/15 .event anyedge, v000001cefcd9bed0_54, v000001cefcd9bed0_55, v000001cefcd9bed0_56, v000001cefcd9bed0_57;
v000001cefcd9bed0_58 .array/port v000001cefcd9bed0, 58;
v000001cefcd9bed0_59 .array/port v000001cefcd9bed0, 59;
v000001cefcd9bed0_60 .array/port v000001cefcd9bed0, 60;
v000001cefcd9bed0_61 .array/port v000001cefcd9bed0, 61;
E_000001cefce06ad0/16 .event anyedge, v000001cefcd9bed0_58, v000001cefcd9bed0_59, v000001cefcd9bed0_60, v000001cefcd9bed0_61;
v000001cefcd9bed0_62 .array/port v000001cefcd9bed0, 62;
v000001cefcd9bed0_63 .array/port v000001cefcd9bed0, 63;
v000001cefcd9bed0_64 .array/port v000001cefcd9bed0, 64;
v000001cefcd9bed0_65 .array/port v000001cefcd9bed0, 65;
E_000001cefce06ad0/17 .event anyedge, v000001cefcd9bed0_62, v000001cefcd9bed0_63, v000001cefcd9bed0_64, v000001cefcd9bed0_65;
v000001cefcd9bed0_66 .array/port v000001cefcd9bed0, 66;
v000001cefcd9bed0_67 .array/port v000001cefcd9bed0, 67;
v000001cefcd9bed0_68 .array/port v000001cefcd9bed0, 68;
v000001cefcd9bed0_69 .array/port v000001cefcd9bed0, 69;
E_000001cefce06ad0/18 .event anyedge, v000001cefcd9bed0_66, v000001cefcd9bed0_67, v000001cefcd9bed0_68, v000001cefcd9bed0_69;
v000001cefcd9bed0_70 .array/port v000001cefcd9bed0, 70;
v000001cefcd9bed0_71 .array/port v000001cefcd9bed0, 71;
v000001cefcd9bed0_72 .array/port v000001cefcd9bed0, 72;
v000001cefcd9bed0_73 .array/port v000001cefcd9bed0, 73;
E_000001cefce06ad0/19 .event anyedge, v000001cefcd9bed0_70, v000001cefcd9bed0_71, v000001cefcd9bed0_72, v000001cefcd9bed0_73;
v000001cefcd9bed0_74 .array/port v000001cefcd9bed0, 74;
v000001cefcd9bed0_75 .array/port v000001cefcd9bed0, 75;
v000001cefcd9bed0_76 .array/port v000001cefcd9bed0, 76;
v000001cefcd9bed0_77 .array/port v000001cefcd9bed0, 77;
E_000001cefce06ad0/20 .event anyedge, v000001cefcd9bed0_74, v000001cefcd9bed0_75, v000001cefcd9bed0_76, v000001cefcd9bed0_77;
v000001cefcd9bed0_78 .array/port v000001cefcd9bed0, 78;
v000001cefcd9bed0_79 .array/port v000001cefcd9bed0, 79;
v000001cefcd9bed0_80 .array/port v000001cefcd9bed0, 80;
v000001cefcd9bed0_81 .array/port v000001cefcd9bed0, 81;
E_000001cefce06ad0/21 .event anyedge, v000001cefcd9bed0_78, v000001cefcd9bed0_79, v000001cefcd9bed0_80, v000001cefcd9bed0_81;
v000001cefcd9bed0_82 .array/port v000001cefcd9bed0, 82;
v000001cefcd9bed0_83 .array/port v000001cefcd9bed0, 83;
v000001cefcd9bed0_84 .array/port v000001cefcd9bed0, 84;
v000001cefcd9bed0_85 .array/port v000001cefcd9bed0, 85;
E_000001cefce06ad0/22 .event anyedge, v000001cefcd9bed0_82, v000001cefcd9bed0_83, v000001cefcd9bed0_84, v000001cefcd9bed0_85;
v000001cefcd9bed0_86 .array/port v000001cefcd9bed0, 86;
v000001cefcd9bed0_87 .array/port v000001cefcd9bed0, 87;
v000001cefcd9bed0_88 .array/port v000001cefcd9bed0, 88;
v000001cefcd9bed0_89 .array/port v000001cefcd9bed0, 89;
E_000001cefce06ad0/23 .event anyedge, v000001cefcd9bed0_86, v000001cefcd9bed0_87, v000001cefcd9bed0_88, v000001cefcd9bed0_89;
v000001cefcd9bed0_90 .array/port v000001cefcd9bed0, 90;
v000001cefcd9bed0_91 .array/port v000001cefcd9bed0, 91;
v000001cefcd9bed0_92 .array/port v000001cefcd9bed0, 92;
v000001cefcd9bed0_93 .array/port v000001cefcd9bed0, 93;
E_000001cefce06ad0/24 .event anyedge, v000001cefcd9bed0_90, v000001cefcd9bed0_91, v000001cefcd9bed0_92, v000001cefcd9bed0_93;
v000001cefcd9bed0_94 .array/port v000001cefcd9bed0, 94;
v000001cefcd9bed0_95 .array/port v000001cefcd9bed0, 95;
v000001cefcd9bed0_96 .array/port v000001cefcd9bed0, 96;
v000001cefcd9bed0_97 .array/port v000001cefcd9bed0, 97;
E_000001cefce06ad0/25 .event anyedge, v000001cefcd9bed0_94, v000001cefcd9bed0_95, v000001cefcd9bed0_96, v000001cefcd9bed0_97;
v000001cefcd9bed0_98 .array/port v000001cefcd9bed0, 98;
v000001cefcd9bed0_99 .array/port v000001cefcd9bed0, 99;
v000001cefcd9bed0_100 .array/port v000001cefcd9bed0, 100;
v000001cefcd9bed0_101 .array/port v000001cefcd9bed0, 101;
E_000001cefce06ad0/26 .event anyedge, v000001cefcd9bed0_98, v000001cefcd9bed0_99, v000001cefcd9bed0_100, v000001cefcd9bed0_101;
v000001cefcd9bed0_102 .array/port v000001cefcd9bed0, 102;
v000001cefcd9bed0_103 .array/port v000001cefcd9bed0, 103;
v000001cefcd9bed0_104 .array/port v000001cefcd9bed0, 104;
v000001cefcd9bed0_105 .array/port v000001cefcd9bed0, 105;
E_000001cefce06ad0/27 .event anyedge, v000001cefcd9bed0_102, v000001cefcd9bed0_103, v000001cefcd9bed0_104, v000001cefcd9bed0_105;
v000001cefcd9bed0_106 .array/port v000001cefcd9bed0, 106;
v000001cefcd9bed0_107 .array/port v000001cefcd9bed0, 107;
v000001cefcd9bed0_108 .array/port v000001cefcd9bed0, 108;
v000001cefcd9bed0_109 .array/port v000001cefcd9bed0, 109;
E_000001cefce06ad0/28 .event anyedge, v000001cefcd9bed0_106, v000001cefcd9bed0_107, v000001cefcd9bed0_108, v000001cefcd9bed0_109;
v000001cefcd9bed0_110 .array/port v000001cefcd9bed0, 110;
v000001cefcd9bed0_111 .array/port v000001cefcd9bed0, 111;
v000001cefcd9bed0_112 .array/port v000001cefcd9bed0, 112;
v000001cefcd9bed0_113 .array/port v000001cefcd9bed0, 113;
E_000001cefce06ad0/29 .event anyedge, v000001cefcd9bed0_110, v000001cefcd9bed0_111, v000001cefcd9bed0_112, v000001cefcd9bed0_113;
v000001cefcd9bed0_114 .array/port v000001cefcd9bed0, 114;
v000001cefcd9bed0_115 .array/port v000001cefcd9bed0, 115;
v000001cefcd9bed0_116 .array/port v000001cefcd9bed0, 116;
v000001cefcd9bed0_117 .array/port v000001cefcd9bed0, 117;
E_000001cefce06ad0/30 .event anyedge, v000001cefcd9bed0_114, v000001cefcd9bed0_115, v000001cefcd9bed0_116, v000001cefcd9bed0_117;
v000001cefcd9bed0_118 .array/port v000001cefcd9bed0, 118;
v000001cefcd9bed0_119 .array/port v000001cefcd9bed0, 119;
v000001cefcd9bed0_120 .array/port v000001cefcd9bed0, 120;
v000001cefcd9bed0_121 .array/port v000001cefcd9bed0, 121;
E_000001cefce06ad0/31 .event anyedge, v000001cefcd9bed0_118, v000001cefcd9bed0_119, v000001cefcd9bed0_120, v000001cefcd9bed0_121;
v000001cefcd9bed0_122 .array/port v000001cefcd9bed0, 122;
v000001cefcd9bed0_123 .array/port v000001cefcd9bed0, 123;
v000001cefcd9bed0_124 .array/port v000001cefcd9bed0, 124;
v000001cefcd9bed0_125 .array/port v000001cefcd9bed0, 125;
E_000001cefce06ad0/32 .event anyedge, v000001cefcd9bed0_122, v000001cefcd9bed0_123, v000001cefcd9bed0_124, v000001cefcd9bed0_125;
v000001cefcd9bed0_126 .array/port v000001cefcd9bed0, 126;
v000001cefcd9bed0_127 .array/port v000001cefcd9bed0, 127;
v000001cefcd9bed0_128 .array/port v000001cefcd9bed0, 128;
v000001cefcd9bed0_129 .array/port v000001cefcd9bed0, 129;
E_000001cefce06ad0/33 .event anyedge, v000001cefcd9bed0_126, v000001cefcd9bed0_127, v000001cefcd9bed0_128, v000001cefcd9bed0_129;
v000001cefcd9bed0_130 .array/port v000001cefcd9bed0, 130;
v000001cefcd9bed0_131 .array/port v000001cefcd9bed0, 131;
v000001cefcd9bed0_132 .array/port v000001cefcd9bed0, 132;
v000001cefcd9bed0_133 .array/port v000001cefcd9bed0, 133;
E_000001cefce06ad0/34 .event anyedge, v000001cefcd9bed0_130, v000001cefcd9bed0_131, v000001cefcd9bed0_132, v000001cefcd9bed0_133;
v000001cefcd9bed0_134 .array/port v000001cefcd9bed0, 134;
v000001cefcd9bed0_135 .array/port v000001cefcd9bed0, 135;
v000001cefcd9bed0_136 .array/port v000001cefcd9bed0, 136;
v000001cefcd9bed0_137 .array/port v000001cefcd9bed0, 137;
E_000001cefce06ad0/35 .event anyedge, v000001cefcd9bed0_134, v000001cefcd9bed0_135, v000001cefcd9bed0_136, v000001cefcd9bed0_137;
v000001cefcd9bed0_138 .array/port v000001cefcd9bed0, 138;
v000001cefcd9bed0_139 .array/port v000001cefcd9bed0, 139;
v000001cefcd9bed0_140 .array/port v000001cefcd9bed0, 140;
v000001cefcd9bed0_141 .array/port v000001cefcd9bed0, 141;
E_000001cefce06ad0/36 .event anyedge, v000001cefcd9bed0_138, v000001cefcd9bed0_139, v000001cefcd9bed0_140, v000001cefcd9bed0_141;
v000001cefcd9bed0_142 .array/port v000001cefcd9bed0, 142;
v000001cefcd9bed0_143 .array/port v000001cefcd9bed0, 143;
v000001cefcd9bed0_144 .array/port v000001cefcd9bed0, 144;
v000001cefcd9bed0_145 .array/port v000001cefcd9bed0, 145;
E_000001cefce06ad0/37 .event anyedge, v000001cefcd9bed0_142, v000001cefcd9bed0_143, v000001cefcd9bed0_144, v000001cefcd9bed0_145;
v000001cefcd9bed0_146 .array/port v000001cefcd9bed0, 146;
v000001cefcd9bed0_147 .array/port v000001cefcd9bed0, 147;
v000001cefcd9bed0_148 .array/port v000001cefcd9bed0, 148;
v000001cefcd9bed0_149 .array/port v000001cefcd9bed0, 149;
E_000001cefce06ad0/38 .event anyedge, v000001cefcd9bed0_146, v000001cefcd9bed0_147, v000001cefcd9bed0_148, v000001cefcd9bed0_149;
v000001cefcd9bed0_150 .array/port v000001cefcd9bed0, 150;
v000001cefcd9bed0_151 .array/port v000001cefcd9bed0, 151;
v000001cefcd9bed0_152 .array/port v000001cefcd9bed0, 152;
v000001cefcd9bed0_153 .array/port v000001cefcd9bed0, 153;
E_000001cefce06ad0/39 .event anyedge, v000001cefcd9bed0_150, v000001cefcd9bed0_151, v000001cefcd9bed0_152, v000001cefcd9bed0_153;
v000001cefcd9bed0_154 .array/port v000001cefcd9bed0, 154;
v000001cefcd9bed0_155 .array/port v000001cefcd9bed0, 155;
v000001cefcd9bed0_156 .array/port v000001cefcd9bed0, 156;
v000001cefcd9bed0_157 .array/port v000001cefcd9bed0, 157;
E_000001cefce06ad0/40 .event anyedge, v000001cefcd9bed0_154, v000001cefcd9bed0_155, v000001cefcd9bed0_156, v000001cefcd9bed0_157;
v000001cefcd9bed0_158 .array/port v000001cefcd9bed0, 158;
v000001cefcd9bed0_159 .array/port v000001cefcd9bed0, 159;
v000001cefcd9bed0_160 .array/port v000001cefcd9bed0, 160;
v000001cefcd9bed0_161 .array/port v000001cefcd9bed0, 161;
E_000001cefce06ad0/41 .event anyedge, v000001cefcd9bed0_158, v000001cefcd9bed0_159, v000001cefcd9bed0_160, v000001cefcd9bed0_161;
v000001cefcd9bed0_162 .array/port v000001cefcd9bed0, 162;
v000001cefcd9bed0_163 .array/port v000001cefcd9bed0, 163;
v000001cefcd9bed0_164 .array/port v000001cefcd9bed0, 164;
v000001cefcd9bed0_165 .array/port v000001cefcd9bed0, 165;
E_000001cefce06ad0/42 .event anyedge, v000001cefcd9bed0_162, v000001cefcd9bed0_163, v000001cefcd9bed0_164, v000001cefcd9bed0_165;
v000001cefcd9bed0_166 .array/port v000001cefcd9bed0, 166;
v000001cefcd9bed0_167 .array/port v000001cefcd9bed0, 167;
v000001cefcd9bed0_168 .array/port v000001cefcd9bed0, 168;
v000001cefcd9bed0_169 .array/port v000001cefcd9bed0, 169;
E_000001cefce06ad0/43 .event anyedge, v000001cefcd9bed0_166, v000001cefcd9bed0_167, v000001cefcd9bed0_168, v000001cefcd9bed0_169;
v000001cefcd9bed0_170 .array/port v000001cefcd9bed0, 170;
v000001cefcd9bed0_171 .array/port v000001cefcd9bed0, 171;
v000001cefcd9bed0_172 .array/port v000001cefcd9bed0, 172;
v000001cefcd9bed0_173 .array/port v000001cefcd9bed0, 173;
E_000001cefce06ad0/44 .event anyedge, v000001cefcd9bed0_170, v000001cefcd9bed0_171, v000001cefcd9bed0_172, v000001cefcd9bed0_173;
v000001cefcd9bed0_174 .array/port v000001cefcd9bed0, 174;
v000001cefcd9bed0_175 .array/port v000001cefcd9bed0, 175;
v000001cefcd9bed0_176 .array/port v000001cefcd9bed0, 176;
v000001cefcd9bed0_177 .array/port v000001cefcd9bed0, 177;
E_000001cefce06ad0/45 .event anyedge, v000001cefcd9bed0_174, v000001cefcd9bed0_175, v000001cefcd9bed0_176, v000001cefcd9bed0_177;
v000001cefcd9bed0_178 .array/port v000001cefcd9bed0, 178;
v000001cefcd9bed0_179 .array/port v000001cefcd9bed0, 179;
v000001cefcd9bed0_180 .array/port v000001cefcd9bed0, 180;
v000001cefcd9bed0_181 .array/port v000001cefcd9bed0, 181;
E_000001cefce06ad0/46 .event anyedge, v000001cefcd9bed0_178, v000001cefcd9bed0_179, v000001cefcd9bed0_180, v000001cefcd9bed0_181;
v000001cefcd9bed0_182 .array/port v000001cefcd9bed0, 182;
v000001cefcd9bed0_183 .array/port v000001cefcd9bed0, 183;
v000001cefcd9bed0_184 .array/port v000001cefcd9bed0, 184;
v000001cefcd9bed0_185 .array/port v000001cefcd9bed0, 185;
E_000001cefce06ad0/47 .event anyedge, v000001cefcd9bed0_182, v000001cefcd9bed0_183, v000001cefcd9bed0_184, v000001cefcd9bed0_185;
v000001cefcd9bed0_186 .array/port v000001cefcd9bed0, 186;
v000001cefcd9bed0_187 .array/port v000001cefcd9bed0, 187;
v000001cefcd9bed0_188 .array/port v000001cefcd9bed0, 188;
v000001cefcd9bed0_189 .array/port v000001cefcd9bed0, 189;
E_000001cefce06ad0/48 .event anyedge, v000001cefcd9bed0_186, v000001cefcd9bed0_187, v000001cefcd9bed0_188, v000001cefcd9bed0_189;
v000001cefcd9bed0_190 .array/port v000001cefcd9bed0, 190;
v000001cefcd9bed0_191 .array/port v000001cefcd9bed0, 191;
v000001cefcd9bed0_192 .array/port v000001cefcd9bed0, 192;
v000001cefcd9bed0_193 .array/port v000001cefcd9bed0, 193;
E_000001cefce06ad0/49 .event anyedge, v000001cefcd9bed0_190, v000001cefcd9bed0_191, v000001cefcd9bed0_192, v000001cefcd9bed0_193;
v000001cefcd9bed0_194 .array/port v000001cefcd9bed0, 194;
v000001cefcd9bed0_195 .array/port v000001cefcd9bed0, 195;
v000001cefcd9bed0_196 .array/port v000001cefcd9bed0, 196;
v000001cefcd9bed0_197 .array/port v000001cefcd9bed0, 197;
E_000001cefce06ad0/50 .event anyedge, v000001cefcd9bed0_194, v000001cefcd9bed0_195, v000001cefcd9bed0_196, v000001cefcd9bed0_197;
v000001cefcd9bed0_198 .array/port v000001cefcd9bed0, 198;
v000001cefcd9bed0_199 .array/port v000001cefcd9bed0, 199;
v000001cefcd9bed0_200 .array/port v000001cefcd9bed0, 200;
v000001cefcd9bed0_201 .array/port v000001cefcd9bed0, 201;
E_000001cefce06ad0/51 .event anyedge, v000001cefcd9bed0_198, v000001cefcd9bed0_199, v000001cefcd9bed0_200, v000001cefcd9bed0_201;
v000001cefcd9bed0_202 .array/port v000001cefcd9bed0, 202;
v000001cefcd9bed0_203 .array/port v000001cefcd9bed0, 203;
v000001cefcd9bed0_204 .array/port v000001cefcd9bed0, 204;
v000001cefcd9bed0_205 .array/port v000001cefcd9bed0, 205;
E_000001cefce06ad0/52 .event anyedge, v000001cefcd9bed0_202, v000001cefcd9bed0_203, v000001cefcd9bed0_204, v000001cefcd9bed0_205;
v000001cefcd9bed0_206 .array/port v000001cefcd9bed0, 206;
v000001cefcd9bed0_207 .array/port v000001cefcd9bed0, 207;
v000001cefcd9bed0_208 .array/port v000001cefcd9bed0, 208;
v000001cefcd9bed0_209 .array/port v000001cefcd9bed0, 209;
E_000001cefce06ad0/53 .event anyedge, v000001cefcd9bed0_206, v000001cefcd9bed0_207, v000001cefcd9bed0_208, v000001cefcd9bed0_209;
v000001cefcd9bed0_210 .array/port v000001cefcd9bed0, 210;
v000001cefcd9bed0_211 .array/port v000001cefcd9bed0, 211;
v000001cefcd9bed0_212 .array/port v000001cefcd9bed0, 212;
v000001cefcd9bed0_213 .array/port v000001cefcd9bed0, 213;
E_000001cefce06ad0/54 .event anyedge, v000001cefcd9bed0_210, v000001cefcd9bed0_211, v000001cefcd9bed0_212, v000001cefcd9bed0_213;
v000001cefcd9bed0_214 .array/port v000001cefcd9bed0, 214;
v000001cefcd9bed0_215 .array/port v000001cefcd9bed0, 215;
v000001cefcd9bed0_216 .array/port v000001cefcd9bed0, 216;
v000001cefcd9bed0_217 .array/port v000001cefcd9bed0, 217;
E_000001cefce06ad0/55 .event anyedge, v000001cefcd9bed0_214, v000001cefcd9bed0_215, v000001cefcd9bed0_216, v000001cefcd9bed0_217;
v000001cefcd9bed0_218 .array/port v000001cefcd9bed0, 218;
v000001cefcd9bed0_219 .array/port v000001cefcd9bed0, 219;
v000001cefcd9bed0_220 .array/port v000001cefcd9bed0, 220;
v000001cefcd9bed0_221 .array/port v000001cefcd9bed0, 221;
E_000001cefce06ad0/56 .event anyedge, v000001cefcd9bed0_218, v000001cefcd9bed0_219, v000001cefcd9bed0_220, v000001cefcd9bed0_221;
v000001cefcd9bed0_222 .array/port v000001cefcd9bed0, 222;
v000001cefcd9bed0_223 .array/port v000001cefcd9bed0, 223;
v000001cefcd9bed0_224 .array/port v000001cefcd9bed0, 224;
v000001cefcd9bed0_225 .array/port v000001cefcd9bed0, 225;
E_000001cefce06ad0/57 .event anyedge, v000001cefcd9bed0_222, v000001cefcd9bed0_223, v000001cefcd9bed0_224, v000001cefcd9bed0_225;
v000001cefcd9bed0_226 .array/port v000001cefcd9bed0, 226;
v000001cefcd9bed0_227 .array/port v000001cefcd9bed0, 227;
v000001cefcd9bed0_228 .array/port v000001cefcd9bed0, 228;
v000001cefcd9bed0_229 .array/port v000001cefcd9bed0, 229;
E_000001cefce06ad0/58 .event anyedge, v000001cefcd9bed0_226, v000001cefcd9bed0_227, v000001cefcd9bed0_228, v000001cefcd9bed0_229;
v000001cefcd9bed0_230 .array/port v000001cefcd9bed0, 230;
v000001cefcd9bed0_231 .array/port v000001cefcd9bed0, 231;
v000001cefcd9bed0_232 .array/port v000001cefcd9bed0, 232;
v000001cefcd9bed0_233 .array/port v000001cefcd9bed0, 233;
E_000001cefce06ad0/59 .event anyedge, v000001cefcd9bed0_230, v000001cefcd9bed0_231, v000001cefcd9bed0_232, v000001cefcd9bed0_233;
v000001cefcd9bed0_234 .array/port v000001cefcd9bed0, 234;
v000001cefcd9bed0_235 .array/port v000001cefcd9bed0, 235;
v000001cefcd9bed0_236 .array/port v000001cefcd9bed0, 236;
v000001cefcd9bed0_237 .array/port v000001cefcd9bed0, 237;
E_000001cefce06ad0/60 .event anyedge, v000001cefcd9bed0_234, v000001cefcd9bed0_235, v000001cefcd9bed0_236, v000001cefcd9bed0_237;
v000001cefcd9bed0_238 .array/port v000001cefcd9bed0, 238;
v000001cefcd9bed0_239 .array/port v000001cefcd9bed0, 239;
v000001cefcd9bed0_240 .array/port v000001cefcd9bed0, 240;
v000001cefcd9bed0_241 .array/port v000001cefcd9bed0, 241;
E_000001cefce06ad0/61 .event anyedge, v000001cefcd9bed0_238, v000001cefcd9bed0_239, v000001cefcd9bed0_240, v000001cefcd9bed0_241;
v000001cefcd9bed0_242 .array/port v000001cefcd9bed0, 242;
v000001cefcd9bed0_243 .array/port v000001cefcd9bed0, 243;
v000001cefcd9bed0_244 .array/port v000001cefcd9bed0, 244;
v000001cefcd9bed0_245 .array/port v000001cefcd9bed0, 245;
E_000001cefce06ad0/62 .event anyedge, v000001cefcd9bed0_242, v000001cefcd9bed0_243, v000001cefcd9bed0_244, v000001cefcd9bed0_245;
v000001cefcd9bed0_246 .array/port v000001cefcd9bed0, 246;
v000001cefcd9bed0_247 .array/port v000001cefcd9bed0, 247;
v000001cefcd9bed0_248 .array/port v000001cefcd9bed0, 248;
v000001cefcd9bed0_249 .array/port v000001cefcd9bed0, 249;
E_000001cefce06ad0/63 .event anyedge, v000001cefcd9bed0_246, v000001cefcd9bed0_247, v000001cefcd9bed0_248, v000001cefcd9bed0_249;
v000001cefcd9bed0_250 .array/port v000001cefcd9bed0, 250;
v000001cefcd9bed0_251 .array/port v000001cefcd9bed0, 251;
v000001cefcd9bed0_252 .array/port v000001cefcd9bed0, 252;
v000001cefcd9bed0_253 .array/port v000001cefcd9bed0, 253;
E_000001cefce06ad0/64 .event anyedge, v000001cefcd9bed0_250, v000001cefcd9bed0_251, v000001cefcd9bed0_252, v000001cefcd9bed0_253;
v000001cefcd9bed0_254 .array/port v000001cefcd9bed0, 254;
v000001cefcd9bed0_255 .array/port v000001cefcd9bed0, 255;
v000001cefcd9bed0_256 .array/port v000001cefcd9bed0, 256;
v000001cefcd9bed0_257 .array/port v000001cefcd9bed0, 257;
E_000001cefce06ad0/65 .event anyedge, v000001cefcd9bed0_254, v000001cefcd9bed0_255, v000001cefcd9bed0_256, v000001cefcd9bed0_257;
v000001cefcd9bed0_258 .array/port v000001cefcd9bed0, 258;
v000001cefcd9bed0_259 .array/port v000001cefcd9bed0, 259;
v000001cefcd9bed0_260 .array/port v000001cefcd9bed0, 260;
v000001cefcd9bed0_261 .array/port v000001cefcd9bed0, 261;
E_000001cefce06ad0/66 .event anyedge, v000001cefcd9bed0_258, v000001cefcd9bed0_259, v000001cefcd9bed0_260, v000001cefcd9bed0_261;
v000001cefcd9bed0_262 .array/port v000001cefcd9bed0, 262;
v000001cefcd9bed0_263 .array/port v000001cefcd9bed0, 263;
v000001cefcd9bed0_264 .array/port v000001cefcd9bed0, 264;
v000001cefcd9bed0_265 .array/port v000001cefcd9bed0, 265;
E_000001cefce06ad0/67 .event anyedge, v000001cefcd9bed0_262, v000001cefcd9bed0_263, v000001cefcd9bed0_264, v000001cefcd9bed0_265;
v000001cefcd9bed0_266 .array/port v000001cefcd9bed0, 266;
v000001cefcd9bed0_267 .array/port v000001cefcd9bed0, 267;
v000001cefcd9bed0_268 .array/port v000001cefcd9bed0, 268;
v000001cefcd9bed0_269 .array/port v000001cefcd9bed0, 269;
E_000001cefce06ad0/68 .event anyedge, v000001cefcd9bed0_266, v000001cefcd9bed0_267, v000001cefcd9bed0_268, v000001cefcd9bed0_269;
v000001cefcd9bed0_270 .array/port v000001cefcd9bed0, 270;
v000001cefcd9bed0_271 .array/port v000001cefcd9bed0, 271;
v000001cefcd9bed0_272 .array/port v000001cefcd9bed0, 272;
v000001cefcd9bed0_273 .array/port v000001cefcd9bed0, 273;
E_000001cefce06ad0/69 .event anyedge, v000001cefcd9bed0_270, v000001cefcd9bed0_271, v000001cefcd9bed0_272, v000001cefcd9bed0_273;
v000001cefcd9bed0_274 .array/port v000001cefcd9bed0, 274;
v000001cefcd9bed0_275 .array/port v000001cefcd9bed0, 275;
v000001cefcd9bed0_276 .array/port v000001cefcd9bed0, 276;
v000001cefcd9bed0_277 .array/port v000001cefcd9bed0, 277;
E_000001cefce06ad0/70 .event anyedge, v000001cefcd9bed0_274, v000001cefcd9bed0_275, v000001cefcd9bed0_276, v000001cefcd9bed0_277;
v000001cefcd9bed0_278 .array/port v000001cefcd9bed0, 278;
v000001cefcd9bed0_279 .array/port v000001cefcd9bed0, 279;
v000001cefcd9bed0_280 .array/port v000001cefcd9bed0, 280;
v000001cefcd9bed0_281 .array/port v000001cefcd9bed0, 281;
E_000001cefce06ad0/71 .event anyedge, v000001cefcd9bed0_278, v000001cefcd9bed0_279, v000001cefcd9bed0_280, v000001cefcd9bed0_281;
v000001cefcd9bed0_282 .array/port v000001cefcd9bed0, 282;
v000001cefcd9bed0_283 .array/port v000001cefcd9bed0, 283;
v000001cefcd9bed0_284 .array/port v000001cefcd9bed0, 284;
v000001cefcd9bed0_285 .array/port v000001cefcd9bed0, 285;
E_000001cefce06ad0/72 .event anyedge, v000001cefcd9bed0_282, v000001cefcd9bed0_283, v000001cefcd9bed0_284, v000001cefcd9bed0_285;
v000001cefcd9bed0_286 .array/port v000001cefcd9bed0, 286;
v000001cefcd9bed0_287 .array/port v000001cefcd9bed0, 287;
v000001cefcd9bed0_288 .array/port v000001cefcd9bed0, 288;
v000001cefcd9bed0_289 .array/port v000001cefcd9bed0, 289;
E_000001cefce06ad0/73 .event anyedge, v000001cefcd9bed0_286, v000001cefcd9bed0_287, v000001cefcd9bed0_288, v000001cefcd9bed0_289;
v000001cefcd9bed0_290 .array/port v000001cefcd9bed0, 290;
v000001cefcd9bed0_291 .array/port v000001cefcd9bed0, 291;
v000001cefcd9bed0_292 .array/port v000001cefcd9bed0, 292;
v000001cefcd9bed0_293 .array/port v000001cefcd9bed0, 293;
E_000001cefce06ad0/74 .event anyedge, v000001cefcd9bed0_290, v000001cefcd9bed0_291, v000001cefcd9bed0_292, v000001cefcd9bed0_293;
v000001cefcd9bed0_294 .array/port v000001cefcd9bed0, 294;
v000001cefcd9bed0_295 .array/port v000001cefcd9bed0, 295;
v000001cefcd9bed0_296 .array/port v000001cefcd9bed0, 296;
v000001cefcd9bed0_297 .array/port v000001cefcd9bed0, 297;
E_000001cefce06ad0/75 .event anyedge, v000001cefcd9bed0_294, v000001cefcd9bed0_295, v000001cefcd9bed0_296, v000001cefcd9bed0_297;
v000001cefcd9bed0_298 .array/port v000001cefcd9bed0, 298;
v000001cefcd9bed0_299 .array/port v000001cefcd9bed0, 299;
v000001cefcd9bed0_300 .array/port v000001cefcd9bed0, 300;
v000001cefcd9bed0_301 .array/port v000001cefcd9bed0, 301;
E_000001cefce06ad0/76 .event anyedge, v000001cefcd9bed0_298, v000001cefcd9bed0_299, v000001cefcd9bed0_300, v000001cefcd9bed0_301;
v000001cefcd9bed0_302 .array/port v000001cefcd9bed0, 302;
v000001cefcd9bed0_303 .array/port v000001cefcd9bed0, 303;
v000001cefcd9bed0_304 .array/port v000001cefcd9bed0, 304;
v000001cefcd9bed0_305 .array/port v000001cefcd9bed0, 305;
E_000001cefce06ad0/77 .event anyedge, v000001cefcd9bed0_302, v000001cefcd9bed0_303, v000001cefcd9bed0_304, v000001cefcd9bed0_305;
v000001cefcd9bed0_306 .array/port v000001cefcd9bed0, 306;
v000001cefcd9bed0_307 .array/port v000001cefcd9bed0, 307;
v000001cefcd9bed0_308 .array/port v000001cefcd9bed0, 308;
v000001cefcd9bed0_309 .array/port v000001cefcd9bed0, 309;
E_000001cefce06ad0/78 .event anyedge, v000001cefcd9bed0_306, v000001cefcd9bed0_307, v000001cefcd9bed0_308, v000001cefcd9bed0_309;
v000001cefcd9bed0_310 .array/port v000001cefcd9bed0, 310;
v000001cefcd9bed0_311 .array/port v000001cefcd9bed0, 311;
v000001cefcd9bed0_312 .array/port v000001cefcd9bed0, 312;
v000001cefcd9bed0_313 .array/port v000001cefcd9bed0, 313;
E_000001cefce06ad0/79 .event anyedge, v000001cefcd9bed0_310, v000001cefcd9bed0_311, v000001cefcd9bed0_312, v000001cefcd9bed0_313;
v000001cefcd9bed0_314 .array/port v000001cefcd9bed0, 314;
v000001cefcd9bed0_315 .array/port v000001cefcd9bed0, 315;
v000001cefcd9bed0_316 .array/port v000001cefcd9bed0, 316;
v000001cefcd9bed0_317 .array/port v000001cefcd9bed0, 317;
E_000001cefce06ad0/80 .event anyedge, v000001cefcd9bed0_314, v000001cefcd9bed0_315, v000001cefcd9bed0_316, v000001cefcd9bed0_317;
v000001cefcd9bed0_318 .array/port v000001cefcd9bed0, 318;
v000001cefcd9bed0_319 .array/port v000001cefcd9bed0, 319;
v000001cefcd9bed0_320 .array/port v000001cefcd9bed0, 320;
v000001cefcd9bed0_321 .array/port v000001cefcd9bed0, 321;
E_000001cefce06ad0/81 .event anyedge, v000001cefcd9bed0_318, v000001cefcd9bed0_319, v000001cefcd9bed0_320, v000001cefcd9bed0_321;
v000001cefcd9bed0_322 .array/port v000001cefcd9bed0, 322;
v000001cefcd9bed0_323 .array/port v000001cefcd9bed0, 323;
v000001cefcd9bed0_324 .array/port v000001cefcd9bed0, 324;
v000001cefcd9bed0_325 .array/port v000001cefcd9bed0, 325;
E_000001cefce06ad0/82 .event anyedge, v000001cefcd9bed0_322, v000001cefcd9bed0_323, v000001cefcd9bed0_324, v000001cefcd9bed0_325;
v000001cefcd9bed0_326 .array/port v000001cefcd9bed0, 326;
v000001cefcd9bed0_327 .array/port v000001cefcd9bed0, 327;
v000001cefcd9bed0_328 .array/port v000001cefcd9bed0, 328;
v000001cefcd9bed0_329 .array/port v000001cefcd9bed0, 329;
E_000001cefce06ad0/83 .event anyedge, v000001cefcd9bed0_326, v000001cefcd9bed0_327, v000001cefcd9bed0_328, v000001cefcd9bed0_329;
v000001cefcd9bed0_330 .array/port v000001cefcd9bed0, 330;
v000001cefcd9bed0_331 .array/port v000001cefcd9bed0, 331;
v000001cefcd9bed0_332 .array/port v000001cefcd9bed0, 332;
v000001cefcd9bed0_333 .array/port v000001cefcd9bed0, 333;
E_000001cefce06ad0/84 .event anyedge, v000001cefcd9bed0_330, v000001cefcd9bed0_331, v000001cefcd9bed0_332, v000001cefcd9bed0_333;
v000001cefcd9bed0_334 .array/port v000001cefcd9bed0, 334;
v000001cefcd9bed0_335 .array/port v000001cefcd9bed0, 335;
v000001cefcd9bed0_336 .array/port v000001cefcd9bed0, 336;
v000001cefcd9bed0_337 .array/port v000001cefcd9bed0, 337;
E_000001cefce06ad0/85 .event anyedge, v000001cefcd9bed0_334, v000001cefcd9bed0_335, v000001cefcd9bed0_336, v000001cefcd9bed0_337;
v000001cefcd9bed0_338 .array/port v000001cefcd9bed0, 338;
v000001cefcd9bed0_339 .array/port v000001cefcd9bed0, 339;
v000001cefcd9bed0_340 .array/port v000001cefcd9bed0, 340;
v000001cefcd9bed0_341 .array/port v000001cefcd9bed0, 341;
E_000001cefce06ad0/86 .event anyedge, v000001cefcd9bed0_338, v000001cefcd9bed0_339, v000001cefcd9bed0_340, v000001cefcd9bed0_341;
v000001cefcd9bed0_342 .array/port v000001cefcd9bed0, 342;
v000001cefcd9bed0_343 .array/port v000001cefcd9bed0, 343;
v000001cefcd9bed0_344 .array/port v000001cefcd9bed0, 344;
v000001cefcd9bed0_345 .array/port v000001cefcd9bed0, 345;
E_000001cefce06ad0/87 .event anyedge, v000001cefcd9bed0_342, v000001cefcd9bed0_343, v000001cefcd9bed0_344, v000001cefcd9bed0_345;
v000001cefcd9bed0_346 .array/port v000001cefcd9bed0, 346;
v000001cefcd9bed0_347 .array/port v000001cefcd9bed0, 347;
v000001cefcd9bed0_348 .array/port v000001cefcd9bed0, 348;
v000001cefcd9bed0_349 .array/port v000001cefcd9bed0, 349;
E_000001cefce06ad0/88 .event anyedge, v000001cefcd9bed0_346, v000001cefcd9bed0_347, v000001cefcd9bed0_348, v000001cefcd9bed0_349;
v000001cefcd9bed0_350 .array/port v000001cefcd9bed0, 350;
v000001cefcd9bed0_351 .array/port v000001cefcd9bed0, 351;
v000001cefcd9bed0_352 .array/port v000001cefcd9bed0, 352;
v000001cefcd9bed0_353 .array/port v000001cefcd9bed0, 353;
E_000001cefce06ad0/89 .event anyedge, v000001cefcd9bed0_350, v000001cefcd9bed0_351, v000001cefcd9bed0_352, v000001cefcd9bed0_353;
v000001cefcd9bed0_354 .array/port v000001cefcd9bed0, 354;
v000001cefcd9bed0_355 .array/port v000001cefcd9bed0, 355;
v000001cefcd9bed0_356 .array/port v000001cefcd9bed0, 356;
v000001cefcd9bed0_357 .array/port v000001cefcd9bed0, 357;
E_000001cefce06ad0/90 .event anyedge, v000001cefcd9bed0_354, v000001cefcd9bed0_355, v000001cefcd9bed0_356, v000001cefcd9bed0_357;
v000001cefcd9bed0_358 .array/port v000001cefcd9bed0, 358;
v000001cefcd9bed0_359 .array/port v000001cefcd9bed0, 359;
v000001cefcd9bed0_360 .array/port v000001cefcd9bed0, 360;
v000001cefcd9bed0_361 .array/port v000001cefcd9bed0, 361;
E_000001cefce06ad0/91 .event anyedge, v000001cefcd9bed0_358, v000001cefcd9bed0_359, v000001cefcd9bed0_360, v000001cefcd9bed0_361;
v000001cefcd9bed0_362 .array/port v000001cefcd9bed0, 362;
v000001cefcd9bed0_363 .array/port v000001cefcd9bed0, 363;
v000001cefcd9bed0_364 .array/port v000001cefcd9bed0, 364;
v000001cefcd9bed0_365 .array/port v000001cefcd9bed0, 365;
E_000001cefce06ad0/92 .event anyedge, v000001cefcd9bed0_362, v000001cefcd9bed0_363, v000001cefcd9bed0_364, v000001cefcd9bed0_365;
v000001cefcd9bed0_366 .array/port v000001cefcd9bed0, 366;
v000001cefcd9bed0_367 .array/port v000001cefcd9bed0, 367;
v000001cefcd9bed0_368 .array/port v000001cefcd9bed0, 368;
v000001cefcd9bed0_369 .array/port v000001cefcd9bed0, 369;
E_000001cefce06ad0/93 .event anyedge, v000001cefcd9bed0_366, v000001cefcd9bed0_367, v000001cefcd9bed0_368, v000001cefcd9bed0_369;
v000001cefcd9bed0_370 .array/port v000001cefcd9bed0, 370;
v000001cefcd9bed0_371 .array/port v000001cefcd9bed0, 371;
v000001cefcd9bed0_372 .array/port v000001cefcd9bed0, 372;
v000001cefcd9bed0_373 .array/port v000001cefcd9bed0, 373;
E_000001cefce06ad0/94 .event anyedge, v000001cefcd9bed0_370, v000001cefcd9bed0_371, v000001cefcd9bed0_372, v000001cefcd9bed0_373;
v000001cefcd9bed0_374 .array/port v000001cefcd9bed0, 374;
v000001cefcd9bed0_375 .array/port v000001cefcd9bed0, 375;
v000001cefcd9bed0_376 .array/port v000001cefcd9bed0, 376;
v000001cefcd9bed0_377 .array/port v000001cefcd9bed0, 377;
E_000001cefce06ad0/95 .event anyedge, v000001cefcd9bed0_374, v000001cefcd9bed0_375, v000001cefcd9bed0_376, v000001cefcd9bed0_377;
v000001cefcd9bed0_378 .array/port v000001cefcd9bed0, 378;
v000001cefcd9bed0_379 .array/port v000001cefcd9bed0, 379;
v000001cefcd9bed0_380 .array/port v000001cefcd9bed0, 380;
v000001cefcd9bed0_381 .array/port v000001cefcd9bed0, 381;
E_000001cefce06ad0/96 .event anyedge, v000001cefcd9bed0_378, v000001cefcd9bed0_379, v000001cefcd9bed0_380, v000001cefcd9bed0_381;
v000001cefcd9bed0_382 .array/port v000001cefcd9bed0, 382;
v000001cefcd9bed0_383 .array/port v000001cefcd9bed0, 383;
v000001cefcd9bed0_384 .array/port v000001cefcd9bed0, 384;
v000001cefcd9bed0_385 .array/port v000001cefcd9bed0, 385;
E_000001cefce06ad0/97 .event anyedge, v000001cefcd9bed0_382, v000001cefcd9bed0_383, v000001cefcd9bed0_384, v000001cefcd9bed0_385;
v000001cefcd9bed0_386 .array/port v000001cefcd9bed0, 386;
v000001cefcd9bed0_387 .array/port v000001cefcd9bed0, 387;
v000001cefcd9bed0_388 .array/port v000001cefcd9bed0, 388;
v000001cefcd9bed0_389 .array/port v000001cefcd9bed0, 389;
E_000001cefce06ad0/98 .event anyedge, v000001cefcd9bed0_386, v000001cefcd9bed0_387, v000001cefcd9bed0_388, v000001cefcd9bed0_389;
v000001cefcd9bed0_390 .array/port v000001cefcd9bed0, 390;
v000001cefcd9bed0_391 .array/port v000001cefcd9bed0, 391;
v000001cefcd9bed0_392 .array/port v000001cefcd9bed0, 392;
v000001cefcd9bed0_393 .array/port v000001cefcd9bed0, 393;
E_000001cefce06ad0/99 .event anyedge, v000001cefcd9bed0_390, v000001cefcd9bed0_391, v000001cefcd9bed0_392, v000001cefcd9bed0_393;
v000001cefcd9bed0_394 .array/port v000001cefcd9bed0, 394;
v000001cefcd9bed0_395 .array/port v000001cefcd9bed0, 395;
v000001cefcd9bed0_396 .array/port v000001cefcd9bed0, 396;
v000001cefcd9bed0_397 .array/port v000001cefcd9bed0, 397;
E_000001cefce06ad0/100 .event anyedge, v000001cefcd9bed0_394, v000001cefcd9bed0_395, v000001cefcd9bed0_396, v000001cefcd9bed0_397;
v000001cefcd9bed0_398 .array/port v000001cefcd9bed0, 398;
v000001cefcd9bed0_399 .array/port v000001cefcd9bed0, 399;
v000001cefcd9bed0_400 .array/port v000001cefcd9bed0, 400;
v000001cefcd9bed0_401 .array/port v000001cefcd9bed0, 401;
E_000001cefce06ad0/101 .event anyedge, v000001cefcd9bed0_398, v000001cefcd9bed0_399, v000001cefcd9bed0_400, v000001cefcd9bed0_401;
v000001cefcd9bed0_402 .array/port v000001cefcd9bed0, 402;
v000001cefcd9bed0_403 .array/port v000001cefcd9bed0, 403;
v000001cefcd9bed0_404 .array/port v000001cefcd9bed0, 404;
v000001cefcd9bed0_405 .array/port v000001cefcd9bed0, 405;
E_000001cefce06ad0/102 .event anyedge, v000001cefcd9bed0_402, v000001cefcd9bed0_403, v000001cefcd9bed0_404, v000001cefcd9bed0_405;
v000001cefcd9bed0_406 .array/port v000001cefcd9bed0, 406;
v000001cefcd9bed0_407 .array/port v000001cefcd9bed0, 407;
v000001cefcd9bed0_408 .array/port v000001cefcd9bed0, 408;
v000001cefcd9bed0_409 .array/port v000001cefcd9bed0, 409;
E_000001cefce06ad0/103 .event anyedge, v000001cefcd9bed0_406, v000001cefcd9bed0_407, v000001cefcd9bed0_408, v000001cefcd9bed0_409;
v000001cefcd9bed0_410 .array/port v000001cefcd9bed0, 410;
v000001cefcd9bed0_411 .array/port v000001cefcd9bed0, 411;
v000001cefcd9bed0_412 .array/port v000001cefcd9bed0, 412;
v000001cefcd9bed0_413 .array/port v000001cefcd9bed0, 413;
E_000001cefce06ad0/104 .event anyedge, v000001cefcd9bed0_410, v000001cefcd9bed0_411, v000001cefcd9bed0_412, v000001cefcd9bed0_413;
v000001cefcd9bed0_414 .array/port v000001cefcd9bed0, 414;
v000001cefcd9bed0_415 .array/port v000001cefcd9bed0, 415;
v000001cefcd9bed0_416 .array/port v000001cefcd9bed0, 416;
v000001cefcd9bed0_417 .array/port v000001cefcd9bed0, 417;
E_000001cefce06ad0/105 .event anyedge, v000001cefcd9bed0_414, v000001cefcd9bed0_415, v000001cefcd9bed0_416, v000001cefcd9bed0_417;
v000001cefcd9bed0_418 .array/port v000001cefcd9bed0, 418;
v000001cefcd9bed0_419 .array/port v000001cefcd9bed0, 419;
v000001cefcd9bed0_420 .array/port v000001cefcd9bed0, 420;
v000001cefcd9bed0_421 .array/port v000001cefcd9bed0, 421;
E_000001cefce06ad0/106 .event anyedge, v000001cefcd9bed0_418, v000001cefcd9bed0_419, v000001cefcd9bed0_420, v000001cefcd9bed0_421;
v000001cefcd9bed0_422 .array/port v000001cefcd9bed0, 422;
v000001cefcd9bed0_423 .array/port v000001cefcd9bed0, 423;
v000001cefcd9bed0_424 .array/port v000001cefcd9bed0, 424;
v000001cefcd9bed0_425 .array/port v000001cefcd9bed0, 425;
E_000001cefce06ad0/107 .event anyedge, v000001cefcd9bed0_422, v000001cefcd9bed0_423, v000001cefcd9bed0_424, v000001cefcd9bed0_425;
v000001cefcd9bed0_426 .array/port v000001cefcd9bed0, 426;
v000001cefcd9bed0_427 .array/port v000001cefcd9bed0, 427;
v000001cefcd9bed0_428 .array/port v000001cefcd9bed0, 428;
v000001cefcd9bed0_429 .array/port v000001cefcd9bed0, 429;
E_000001cefce06ad0/108 .event anyedge, v000001cefcd9bed0_426, v000001cefcd9bed0_427, v000001cefcd9bed0_428, v000001cefcd9bed0_429;
v000001cefcd9bed0_430 .array/port v000001cefcd9bed0, 430;
v000001cefcd9bed0_431 .array/port v000001cefcd9bed0, 431;
v000001cefcd9bed0_432 .array/port v000001cefcd9bed0, 432;
v000001cefcd9bed0_433 .array/port v000001cefcd9bed0, 433;
E_000001cefce06ad0/109 .event anyedge, v000001cefcd9bed0_430, v000001cefcd9bed0_431, v000001cefcd9bed0_432, v000001cefcd9bed0_433;
v000001cefcd9bed0_434 .array/port v000001cefcd9bed0, 434;
v000001cefcd9bed0_435 .array/port v000001cefcd9bed0, 435;
v000001cefcd9bed0_436 .array/port v000001cefcd9bed0, 436;
v000001cefcd9bed0_437 .array/port v000001cefcd9bed0, 437;
E_000001cefce06ad0/110 .event anyedge, v000001cefcd9bed0_434, v000001cefcd9bed0_435, v000001cefcd9bed0_436, v000001cefcd9bed0_437;
v000001cefcd9bed0_438 .array/port v000001cefcd9bed0, 438;
v000001cefcd9bed0_439 .array/port v000001cefcd9bed0, 439;
v000001cefcd9bed0_440 .array/port v000001cefcd9bed0, 440;
v000001cefcd9bed0_441 .array/port v000001cefcd9bed0, 441;
E_000001cefce06ad0/111 .event anyedge, v000001cefcd9bed0_438, v000001cefcd9bed0_439, v000001cefcd9bed0_440, v000001cefcd9bed0_441;
v000001cefcd9bed0_442 .array/port v000001cefcd9bed0, 442;
v000001cefcd9bed0_443 .array/port v000001cefcd9bed0, 443;
v000001cefcd9bed0_444 .array/port v000001cefcd9bed0, 444;
v000001cefcd9bed0_445 .array/port v000001cefcd9bed0, 445;
E_000001cefce06ad0/112 .event anyedge, v000001cefcd9bed0_442, v000001cefcd9bed0_443, v000001cefcd9bed0_444, v000001cefcd9bed0_445;
v000001cefcd9bed0_446 .array/port v000001cefcd9bed0, 446;
v000001cefcd9bed0_447 .array/port v000001cefcd9bed0, 447;
v000001cefcd9bed0_448 .array/port v000001cefcd9bed0, 448;
v000001cefcd9bed0_449 .array/port v000001cefcd9bed0, 449;
E_000001cefce06ad0/113 .event anyedge, v000001cefcd9bed0_446, v000001cefcd9bed0_447, v000001cefcd9bed0_448, v000001cefcd9bed0_449;
v000001cefcd9bed0_450 .array/port v000001cefcd9bed0, 450;
v000001cefcd9bed0_451 .array/port v000001cefcd9bed0, 451;
v000001cefcd9bed0_452 .array/port v000001cefcd9bed0, 452;
v000001cefcd9bed0_453 .array/port v000001cefcd9bed0, 453;
E_000001cefce06ad0/114 .event anyedge, v000001cefcd9bed0_450, v000001cefcd9bed0_451, v000001cefcd9bed0_452, v000001cefcd9bed0_453;
v000001cefcd9bed0_454 .array/port v000001cefcd9bed0, 454;
v000001cefcd9bed0_455 .array/port v000001cefcd9bed0, 455;
v000001cefcd9bed0_456 .array/port v000001cefcd9bed0, 456;
v000001cefcd9bed0_457 .array/port v000001cefcd9bed0, 457;
E_000001cefce06ad0/115 .event anyedge, v000001cefcd9bed0_454, v000001cefcd9bed0_455, v000001cefcd9bed0_456, v000001cefcd9bed0_457;
v000001cefcd9bed0_458 .array/port v000001cefcd9bed0, 458;
v000001cefcd9bed0_459 .array/port v000001cefcd9bed0, 459;
v000001cefcd9bed0_460 .array/port v000001cefcd9bed0, 460;
v000001cefcd9bed0_461 .array/port v000001cefcd9bed0, 461;
E_000001cefce06ad0/116 .event anyedge, v000001cefcd9bed0_458, v000001cefcd9bed0_459, v000001cefcd9bed0_460, v000001cefcd9bed0_461;
v000001cefcd9bed0_462 .array/port v000001cefcd9bed0, 462;
v000001cefcd9bed0_463 .array/port v000001cefcd9bed0, 463;
v000001cefcd9bed0_464 .array/port v000001cefcd9bed0, 464;
v000001cefcd9bed0_465 .array/port v000001cefcd9bed0, 465;
E_000001cefce06ad0/117 .event anyedge, v000001cefcd9bed0_462, v000001cefcd9bed0_463, v000001cefcd9bed0_464, v000001cefcd9bed0_465;
v000001cefcd9bed0_466 .array/port v000001cefcd9bed0, 466;
v000001cefcd9bed0_467 .array/port v000001cefcd9bed0, 467;
v000001cefcd9bed0_468 .array/port v000001cefcd9bed0, 468;
v000001cefcd9bed0_469 .array/port v000001cefcd9bed0, 469;
E_000001cefce06ad0/118 .event anyedge, v000001cefcd9bed0_466, v000001cefcd9bed0_467, v000001cefcd9bed0_468, v000001cefcd9bed0_469;
v000001cefcd9bed0_470 .array/port v000001cefcd9bed0, 470;
v000001cefcd9bed0_471 .array/port v000001cefcd9bed0, 471;
v000001cefcd9bed0_472 .array/port v000001cefcd9bed0, 472;
v000001cefcd9bed0_473 .array/port v000001cefcd9bed0, 473;
E_000001cefce06ad0/119 .event anyedge, v000001cefcd9bed0_470, v000001cefcd9bed0_471, v000001cefcd9bed0_472, v000001cefcd9bed0_473;
v000001cefcd9bed0_474 .array/port v000001cefcd9bed0, 474;
v000001cefcd9bed0_475 .array/port v000001cefcd9bed0, 475;
v000001cefcd9bed0_476 .array/port v000001cefcd9bed0, 476;
v000001cefcd9bed0_477 .array/port v000001cefcd9bed0, 477;
E_000001cefce06ad0/120 .event anyedge, v000001cefcd9bed0_474, v000001cefcd9bed0_475, v000001cefcd9bed0_476, v000001cefcd9bed0_477;
v000001cefcd9bed0_478 .array/port v000001cefcd9bed0, 478;
v000001cefcd9bed0_479 .array/port v000001cefcd9bed0, 479;
v000001cefcd9bed0_480 .array/port v000001cefcd9bed0, 480;
v000001cefcd9bed0_481 .array/port v000001cefcd9bed0, 481;
E_000001cefce06ad0/121 .event anyedge, v000001cefcd9bed0_478, v000001cefcd9bed0_479, v000001cefcd9bed0_480, v000001cefcd9bed0_481;
v000001cefcd9bed0_482 .array/port v000001cefcd9bed0, 482;
v000001cefcd9bed0_483 .array/port v000001cefcd9bed0, 483;
v000001cefcd9bed0_484 .array/port v000001cefcd9bed0, 484;
v000001cefcd9bed0_485 .array/port v000001cefcd9bed0, 485;
E_000001cefce06ad0/122 .event anyedge, v000001cefcd9bed0_482, v000001cefcd9bed0_483, v000001cefcd9bed0_484, v000001cefcd9bed0_485;
v000001cefcd9bed0_486 .array/port v000001cefcd9bed0, 486;
v000001cefcd9bed0_487 .array/port v000001cefcd9bed0, 487;
v000001cefcd9bed0_488 .array/port v000001cefcd9bed0, 488;
v000001cefcd9bed0_489 .array/port v000001cefcd9bed0, 489;
E_000001cefce06ad0/123 .event anyedge, v000001cefcd9bed0_486, v000001cefcd9bed0_487, v000001cefcd9bed0_488, v000001cefcd9bed0_489;
v000001cefcd9bed0_490 .array/port v000001cefcd9bed0, 490;
v000001cefcd9bed0_491 .array/port v000001cefcd9bed0, 491;
v000001cefcd9bed0_492 .array/port v000001cefcd9bed0, 492;
v000001cefcd9bed0_493 .array/port v000001cefcd9bed0, 493;
E_000001cefce06ad0/124 .event anyedge, v000001cefcd9bed0_490, v000001cefcd9bed0_491, v000001cefcd9bed0_492, v000001cefcd9bed0_493;
v000001cefcd9bed0_494 .array/port v000001cefcd9bed0, 494;
v000001cefcd9bed0_495 .array/port v000001cefcd9bed0, 495;
v000001cefcd9bed0_496 .array/port v000001cefcd9bed0, 496;
v000001cefcd9bed0_497 .array/port v000001cefcd9bed0, 497;
E_000001cefce06ad0/125 .event anyedge, v000001cefcd9bed0_494, v000001cefcd9bed0_495, v000001cefcd9bed0_496, v000001cefcd9bed0_497;
v000001cefcd9bed0_498 .array/port v000001cefcd9bed0, 498;
v000001cefcd9bed0_499 .array/port v000001cefcd9bed0, 499;
v000001cefcd9bed0_500 .array/port v000001cefcd9bed0, 500;
v000001cefcd9bed0_501 .array/port v000001cefcd9bed0, 501;
E_000001cefce06ad0/126 .event anyedge, v000001cefcd9bed0_498, v000001cefcd9bed0_499, v000001cefcd9bed0_500, v000001cefcd9bed0_501;
v000001cefcd9bed0_502 .array/port v000001cefcd9bed0, 502;
v000001cefcd9bed0_503 .array/port v000001cefcd9bed0, 503;
v000001cefcd9bed0_504 .array/port v000001cefcd9bed0, 504;
v000001cefcd9bed0_505 .array/port v000001cefcd9bed0, 505;
E_000001cefce06ad0/127 .event anyedge, v000001cefcd9bed0_502, v000001cefcd9bed0_503, v000001cefcd9bed0_504, v000001cefcd9bed0_505;
v000001cefcd9bed0_506 .array/port v000001cefcd9bed0, 506;
v000001cefcd9bed0_507 .array/port v000001cefcd9bed0, 507;
v000001cefcd9bed0_508 .array/port v000001cefcd9bed0, 508;
v000001cefcd9bed0_509 .array/port v000001cefcd9bed0, 509;
E_000001cefce06ad0/128 .event anyedge, v000001cefcd9bed0_506, v000001cefcd9bed0_507, v000001cefcd9bed0_508, v000001cefcd9bed0_509;
v000001cefcd9bed0_510 .array/port v000001cefcd9bed0, 510;
v000001cefcd9bed0_511 .array/port v000001cefcd9bed0, 511;
E_000001cefce06ad0/129 .event anyedge, v000001cefcd9bed0_510, v000001cefcd9bed0_511;
E_000001cefce06ad0 .event/or E_000001cefce06ad0/0, E_000001cefce06ad0/1, E_000001cefce06ad0/2, E_000001cefce06ad0/3, E_000001cefce06ad0/4, E_000001cefce06ad0/5, E_000001cefce06ad0/6, E_000001cefce06ad0/7, E_000001cefce06ad0/8, E_000001cefce06ad0/9, E_000001cefce06ad0/10, E_000001cefce06ad0/11, E_000001cefce06ad0/12, E_000001cefce06ad0/13, E_000001cefce06ad0/14, E_000001cefce06ad0/15, E_000001cefce06ad0/16, E_000001cefce06ad0/17, E_000001cefce06ad0/18, E_000001cefce06ad0/19, E_000001cefce06ad0/20, E_000001cefce06ad0/21, E_000001cefce06ad0/22, E_000001cefce06ad0/23, E_000001cefce06ad0/24, E_000001cefce06ad0/25, E_000001cefce06ad0/26, E_000001cefce06ad0/27, E_000001cefce06ad0/28, E_000001cefce06ad0/29, E_000001cefce06ad0/30, E_000001cefce06ad0/31, E_000001cefce06ad0/32, E_000001cefce06ad0/33, E_000001cefce06ad0/34, E_000001cefce06ad0/35, E_000001cefce06ad0/36, E_000001cefce06ad0/37, E_000001cefce06ad0/38, E_000001cefce06ad0/39, E_000001cefce06ad0/40, E_000001cefce06ad0/41, E_000001cefce06ad0/42, E_000001cefce06ad0/43, E_000001cefce06ad0/44, E_000001cefce06ad0/45, E_000001cefce06ad0/46, E_000001cefce06ad0/47, E_000001cefce06ad0/48, E_000001cefce06ad0/49, E_000001cefce06ad0/50, E_000001cefce06ad0/51, E_000001cefce06ad0/52, E_000001cefce06ad0/53, E_000001cefce06ad0/54, E_000001cefce06ad0/55, E_000001cefce06ad0/56, E_000001cefce06ad0/57, E_000001cefce06ad0/58, E_000001cefce06ad0/59, E_000001cefce06ad0/60, E_000001cefce06ad0/61, E_000001cefce06ad0/62, E_000001cefce06ad0/63, E_000001cefce06ad0/64, E_000001cefce06ad0/65, E_000001cefce06ad0/66, E_000001cefce06ad0/67, E_000001cefce06ad0/68, E_000001cefce06ad0/69, E_000001cefce06ad0/70, E_000001cefce06ad0/71, E_000001cefce06ad0/72, E_000001cefce06ad0/73, E_000001cefce06ad0/74, E_000001cefce06ad0/75, E_000001cefce06ad0/76, E_000001cefce06ad0/77, E_000001cefce06ad0/78, E_000001cefce06ad0/79, E_000001cefce06ad0/80, E_000001cefce06ad0/81, E_000001cefce06ad0/82, E_000001cefce06ad0/83, E_000001cefce06ad0/84, E_000001cefce06ad0/85, E_000001cefce06ad0/86, E_000001cefce06ad0/87, E_000001cefce06ad0/88, E_000001cefce06ad0/89, E_000001cefce06ad0/90, E_000001cefce06ad0/91, E_000001cefce06ad0/92, E_000001cefce06ad0/93, E_000001cefce06ad0/94, E_000001cefce06ad0/95, E_000001cefce06ad0/96, E_000001cefce06ad0/97, E_000001cefce06ad0/98, E_000001cefce06ad0/99, E_000001cefce06ad0/100, E_000001cefce06ad0/101, E_000001cefce06ad0/102, E_000001cefce06ad0/103, E_000001cefce06ad0/104, E_000001cefce06ad0/105, E_000001cefce06ad0/106, E_000001cefce06ad0/107, E_000001cefce06ad0/108, E_000001cefce06ad0/109, E_000001cefce06ad0/110, E_000001cefce06ad0/111, E_000001cefce06ad0/112, E_000001cefce06ad0/113, E_000001cefce06ad0/114, E_000001cefce06ad0/115, E_000001cefce06ad0/116, E_000001cefce06ad0/117, E_000001cefce06ad0/118, E_000001cefce06ad0/119, E_000001cefce06ad0/120, E_000001cefce06ad0/121, E_000001cefce06ad0/122, E_000001cefce06ad0/123, E_000001cefce06ad0/124, E_000001cefce06ad0/125, E_000001cefce06ad0/126, E_000001cefce06ad0/127, E_000001cefce06ad0/128, E_000001cefce06ad0/129;
    .scope S_000001cefcd9bca0;
T_0 ;
    %wait E_000001cefce06ad0;
    %load/vec4 v000001cefcd9be30_0;
    %flag_set/vec4 8;
    %jmp/0xz  T_0.0, 8;
    %load/vec4 v000001cefcd96700_0;
    %flag_set/vec4 8;
    %jmp/0xz  T_0.2, 8;
    %load/vec4 v000001cefcd96840_0;
    %dup/vec4;
    %pushi/vec4 0, 0, 2;
    %cmp/u;
    %jmp/1 T_0.4, 6;
    %dup/vec4;
    %pushi/vec4 1, 0, 2;
    %cmp/u;
    %jmp/1 T_0.5, 6;
    %dup/vec4;
    %pushi/vec4 2, 0, 2;
    %cmp/u;
    %jmp/1 T_0.6, 6;
    %jmp T_0.7;
T_0.4 ;
    %load/vec4 v000001cefcde1a10_0;
    %parti/s 8, 0, 2;
    %load/vec4 v000001cefcd96ef0_0;
    %pad/u 11;
    %ix/vec4 3;
    %ix/load 4, 0, 0; Constant delay
    %assign/vec4/a/d v000001cefcd9bed0, 0, 4;
    %vpi_call 3 26 "$display", "%d    %h", v000001cefcd96ef0_0, v000001cefcde1a10_0 {0 0 0};
    %jmp T_0.7;
T_0.5 ;
    %load/vec4 v000001cefcde1a10_0;
    %parti/s 8, 8, 5;
    %load/vec4 v000001cefcd96ef0_0;
    %pad/u 11;
    %ix/vec4 3;
    %ix/load 4, 0, 0; Constant delay
    %assign/vec4/a/d v000001cefcd9bed0, 0, 4;
    %load/vec4 v000001cefcde1a10_0;
    %parti/s 8, 0, 2;
    %load/vec4 v000001cefcd96ef0_0;
    %pad/u 32;
    %addi 1, 0, 32;
    %ix/vec4 3;
    %ix/load 4, 0, 0; Constant delay
    %assign/vec4/a/d v000001cefcd9bed0, 0, 4;
    %jmp T_0.7;
T_0.6 ;
    %load/vec4 v000001cefcde1a10_0;
    %parti/s 8, 24, 6;
    %load/vec4 v000001cefcd96ef0_0;
    %pad/u 11;
    %ix/vec4 3;
    %ix/load 4, 0, 0; Constant delay
    %assign/vec4/a/d v000001cefcd9bed0, 0, 4;
    %load/vec4 v000001cefcde1a10_0;
    %parti/s 8, 16, 6;
    %load/vec4 v000001cefcd96ef0_0;
    %pad/u 32;
    %addi 1, 0, 32;
    %ix/vec4 3;
    %ix/load 4, 0, 0; Constant delay
    %assign/vec4/a/d v000001cefcd9bed0, 0, 4;
    %load/vec4 v000001cefcde1a10_0;
    %parti/s 8, 8, 5;
    %load/vec4 v000001cefcd96ef0_0;
    %pad/u 32;
    %addi 2, 0, 32;
    %ix/vec4 3;
    %ix/load 4, 0, 0; Constant delay
    %assign/vec4/a/d v000001cefcd9bed0, 0, 4;
    %load/vec4 v000001cefcde1a10_0;
    %parti/s 8, 0, 2;
    %load/vec4 v000001cefcd96ef0_0;
    %pad/u 32;
    %addi 3, 0, 32;
    %ix/vec4 3;
    %ix/load 4, 0, 0; Constant delay
    %assign/vec4/a/d v000001cefcd9bed0, 0, 4;
    %jmp T_0.7;
T_0.7 ;
    %pop/vec4 1;
    %jmp T_0.3;
T_0.2 ;
    %load/vec4 v000001cefcd96840_0;
    %load/vec4 v000001cefcd967a0_0;
    %concat/vec4; draw_concat_vec4
    %dup/vec4;
    %pushi/vec4 0, 0, 3;
    %cmp/u;
    %jmp/1 T_0.8, 6;
    %dup/vec4;
    %pushi/vec4 1, 0, 3;
    %cmp/u;
    %jmp/1 T_0.9, 6;
    %dup/vec4;
    %pushi/vec4 2, 0, 3;
    %cmp/u;
    %jmp/1 T_0.10, 6;
    %dup/vec4;
    %pushi/vec4 3, 0, 3;
    %cmp/u;
    %jmp/1 T_0.11, 6;
    %load/vec4 v000001cefcd96ef0_0;
    %pad/u 11;
    %ix/vec4 4;
    %load/vec4a v000001cefcd9bed0, 4;
    %load/vec4 v000001cefcd96ef0_0;
    %pad/u 32;
    %addi 1, 0, 32;
    %ix/vec4 4;
    %load/vec4a v000001cefcd9bed0, 4;
    %concat/vec4; draw_concat_vec4
    %load/vec4 v000001cefcd96ef0_0;
    %pad/u 32;
    %addi 2, 0, 32;
    %ix/vec4 4;
    %load/vec4a v000001cefcd9bed0, 4;
    %concat/vec4; draw_concat_vec4
    %load/vec4 v000001cefcd96ef0_0;
    %pad/u 32;
    %addi 3, 0, 32;
    %ix/vec4 4;
    %load/vec4a v000001cefcd9bed0, 4;
    %concat/vec4; draw_concat_vec4
    %assign/vec4 v000001cefcd98b70_0, 0;
    %jmp T_0.13;
T_0.8 ;
    %pushi/vec4 0, 0, 24;
    %load/vec4 v000001cefcd96ef0_0;
    %pad/u 11;
    %ix/vec4 4;
    %load/vec4a v000001cefcd9bed0, 4;
    %concat/vec4; draw_concat_vec4
    %assign/vec4 v000001cefcd98b70_0, 0;
    %jmp T_0.13;
T_0.9 ;
    %load/vec4 v000001cefcd96ef0_0;
    %pad/u 11;
    %ix/vec4 4;
    %load/vec4a v000001cefcd9bed0, 4;
    %parti/s 1, 7, 4;
    %replicate 24;
    %load/vec4 v000001cefcd96ef0_0;
    %pad/u 11;
    %ix/vec4 4;
    %load/vec4a v000001cefcd9bed0, 4;
    %concat/vec4; draw_concat_vec4
    %assign/vec4 v000001cefcd98b70_0, 0;
    %jmp T_0.13;
T_0.10 ;
    %pushi/vec4 0, 0, 16;
    %load/vec4 v000001cefcd96ef0_0;
    %pad/u 11;
    %ix/vec4 4;
    %load/vec4a v000001cefcd9bed0, 4;
    %concat/vec4; draw_concat_vec4
    %load/vec4 v000001cefcd96ef0_0;
    %pad/u 32;
    %addi 1, 0, 32;
    %ix/vec4 4;
    %load/vec4a v000001cefcd9bed0, 4;
    %concat/vec4; draw_concat_vec4
    %assign/vec4 v000001cefcd98b70_0, 0;
    %jmp T_0.13;
T_0.11 ;
    %load/vec4 v000001cefcd96ef0_0;
    %pad/u 11;
    %ix/vec4 4;
    %load/vec4a v000001cefcd9bed0, 4;
    %parti/s 1, 7, 4;
    %replicate 16;
    %load/vec4 v000001cefcd96ef0_0;
    %pad/u 11;
    %ix/vec4 4;
    %load/vec4a v000001cefcd9bed0, 4;
    %concat/vec4; draw_concat_vec4
    %load/vec4 v000001cefcd96ef0_0;
    %pad/u 32;
    %addi 1, 0, 32;
    %ix/vec4 4;
    %load/vec4a v000001cefcd9bed0, 4;
    %concat/vec4; draw_concat_vec4
    %assign/vec4 v000001cefcd98b70_0, 0;
    %jmp T_0.13;
T_0.13 ;
    %pop/vec4 1;
T_0.3 ;
T_0.0 ;
    %jmp T_0;
    .thread T_0, $push;
    .scope S_000001cefcde1880;
T_1 ;
    %vpi_func 2 25 "$fopen" 32, "test-file.txt", "r" {0 0 0};
    %store/vec4 v000001cefce6be80_0, 0, 32;
    %pushi/vec4 0, 0, 9;
    %store/vec4 v000001cefcd968e0_0, 0, 9;
T_1.0 ;
    %vpi_func 2 27 "$feof" 32, v000001cefce6be80_0 {0 0 0};
    %nor/r;
    %flag_set/vec4 8;
    %jmp/0xz T_1.1, 8;
    %vpi_func 2 28 "$fscanf" 32, v000001cefce6be80_0, "%b", v000001cefce6bfc0_0 {0 0 0};
    %store/vec4 v000001cefcde4140_0, 0, 32;
    %load/vec4 v000001cefce6bfc0_0;
    %pad/s 8;
    %load/vec4 v000001cefcd968e0_0;
    %pad/u 11;
    %ix/vec4 4;
    %store/vec4a v000001cefcd9bed0, 4, 0;
    %load/vec4 v000001cefcd968e0_0;
    %addi 1, 0, 9;
    %store/vec4 v000001cefcd968e0_0, 0, 9;
    %jmp T_1.0;
T_1.1 ;
    %vpi_call 2 33 "$fclose", v000001cefce6be80_0 {0 0 0};
    %end;
    .thread T_1;
    .scope S_000001cefcde1880;
T_2 ;
    %vpi_call 2 37 "$monitor", "Address = %d  DataOut = %h, time=%d", v000001cefcd968e0_0, v000001cefcd96a20_0, $time {0 0 0};
    %end;
    .thread T_2;
    .scope S_000001cefcde1880;
T_3 ;
    %delay 20, 0;
    %vpi_call 2 42 "$finish" {0 0 0};
    %end;
    .thread T_3;
    .scope S_000001cefcde1880;
T_4 ;
    %pushi/vec4 1, 0, 1;
    %store/vec4 v000001cefcd96ac0_0, 0, 1;
    %pushi/vec4 0, 0, 1;
    %store/vec4 v000001cefcde3f60_0, 0, 1;
    %pushi/vec4 3, 0, 2;
    %store/vec4 v000001cefcde40a0_0, 0, 2;
    %pushi/vec4 0, 0, 9;
    %store/vec4 v000001cefcd968e0_0, 0, 9;
    %delay 1, 0;
    %load/vec4 v000001cefcd968e0_0;
    %addi 4, 0, 9;
    %store/vec4 v000001cefcd968e0_0, 0, 9;
    %delay 1, 0;
    %load/vec4 v000001cefcd968e0_0;
    %addi 4, 0, 9;
    %store/vec4 v000001cefcd968e0_0, 0, 9;
    %delay 1, 0;
    %load/vec4 v000001cefcd968e0_0;
    %addi 4, 0, 9;
    %store/vec4 v000001cefcd968e0_0, 0, 9;
    %delay 1, 0;
    %pushi/vec4 1, 0, 1;
    %store/vec4 v000001cefcd96ac0_0, 0, 1;
    %pushi/vec4 0, 0, 1;
    %store/vec4 v000001cefcde3f60_0, 0, 1;
    %pushi/vec4 0, 0, 2;
    %store/vec4 v000001cefcde40a0_0, 0, 2;
    %pushi/vec4 0, 0, 1;
    %store/vec4 v000001cefcde4000_0, 0, 1;
    %pushi/vec4 0, 0, 9;
    %store/vec4 v000001cefcd968e0_0, 0, 9;
    %delay 1, 0;
    %pushi/vec4 1, 0, 1;
    %store/vec4 v000001cefcd96ac0_0, 0, 1;
    %pushi/vec4 0, 0, 1;
    %store/vec4 v000001cefcde3f60_0, 0, 1;
    %pushi/vec4 1, 0, 2;
    %store/vec4 v000001cefcde40a0_0, 0, 2;
    %pushi/vec4 0, 0, 1;
    %store/vec4 v000001cefcde4000_0, 0, 1;
    %load/vec4 v000001cefcd968e0_0;
    %addi 2, 0, 9;
    %store/vec4 v000001cefcd968e0_0, 0, 9;
    %delay 1, 0;
    %pushi/vec4 1, 0, 1;
    %store/vec4 v000001cefcd96ac0_0, 0, 1;
    %pushi/vec4 0, 0, 1;
    %store/vec4 v000001cefcde3f60_0, 0, 1;
    %pushi/vec4 1, 0, 2;
    %store/vec4 v000001cefcde40a0_0, 0, 2;
    %pushi/vec4 0, 0, 1;
    %store/vec4 v000001cefcde4000_0, 0, 1;
    %load/vec4 v000001cefcd968e0_0;
    %addi 2, 0, 9;
    %store/vec4 v000001cefcd968e0_0, 0, 9;
    %delay 1, 0;
    %pushi/vec4 1, 0, 1;
    %store/vec4 v000001cefcd96ac0_0, 0, 1;
    %pushi/vec4 0, 0, 1;
    %store/vec4 v000001cefcde3f60_0, 0, 1;
    %pushi/vec4 0, 0, 2;
    %store/vec4 v000001cefcde40a0_0, 0, 2;
    %pushi/vec4 1, 0, 1;
    %store/vec4 v000001cefcde4000_0, 0, 1;
    %pushi/vec4 0, 0, 9;
    %store/vec4 v000001cefcd968e0_0, 0, 9;
    %delay 1, 0;
    %pushi/vec4 1, 0, 1;
    %store/vec4 v000001cefcd96ac0_0, 0, 1;
    %pushi/vec4 0, 0, 1;
    %store/vec4 v000001cefcde3f60_0, 0, 1;
    %pushi/vec4 1, 0, 2;
    %store/vec4 v000001cefcde40a0_0, 0, 2;
    %pushi/vec4 1, 0, 1;
    %store/vec4 v000001cefcde4000_0, 0, 1;
    %load/vec4 v000001cefcd968e0_0;
    %addi 2, 0, 9;
    %store/vec4 v000001cefcd968e0_0, 0, 9;
    %delay 1, 0;
    %pushi/vec4 1, 0, 1;
    %store/vec4 v000001cefcd96ac0_0, 0, 1;
    %pushi/vec4 0, 0, 1;
    %store/vec4 v000001cefcde3f60_0, 0, 1;
    %pushi/vec4 1, 0, 2;
    %store/vec4 v000001cefcde40a0_0, 0, 2;
    %pushi/vec4 1, 0, 1;
    %store/vec4 v000001cefcde4000_0, 0, 1;
    %load/vec4 v000001cefcd968e0_0;
    %addi 2, 0, 9;
    %store/vec4 v000001cefcd968e0_0, 0, 9;
    %delay 1, 0;
    %pushi/vec4 1, 0, 1;
    %store/vec4 v000001cefcd96ac0_0, 0, 1;
    %pushi/vec4 1, 0, 1;
    %store/vec4 v000001cefcde3f60_0, 0, 1;
    %pushi/vec4 0, 0, 2;
    %store/vec4 v000001cefcde40a0_0, 0, 2;
    %pushi/vec4 0, 0, 9;
    %store/vec4 v000001cefcd968e0_0, 0, 9;
    %pushi/vec4 166, 0, 32;
    %store/vec4 v000001cefcd96980_0, 0, 32;
    %delay 1, 0;
    %pushi/vec4 1, 0, 1;
    %store/vec4 v000001cefcd96ac0_0, 0, 1;
    %pushi/vec4 1, 0, 1;
    %store/vec4 v000001cefcde3f60_0, 0, 1;
    %pushi/vec4 1, 0, 2;
    %store/vec4 v000001cefcde40a0_0, 0, 2;
    %load/vec4 v000001cefcd968e0_0;
    %addi 2, 0, 9;
    %store/vec4 v000001cefcd968e0_0, 0, 9;
    %pushi/vec4 48076, 0, 32;
    %store/vec4 v000001cefcd96980_0, 0, 32;
    %delay 1, 0;
    %pushi/vec4 1, 0, 1;
    %store/vec4 v000001cefcd96ac0_0, 0, 1;
    %pushi/vec4 1, 0, 1;
    %store/vec4 v000001cefcde3f60_0, 0, 1;
    %pushi/vec4 1, 0, 2;
    %store/vec4 v000001cefcde40a0_0, 0, 2;
    %load/vec4 v000001cefcd968e0_0;
    %addi 2, 0, 9;
    %store/vec4 v000001cefcd968e0_0, 0, 9;
    %pushi/vec4 11187225, 0, 32;
    %store/vec4 v000001cefcd96980_0, 0, 32;
    %delay 1, 0;
    %pushi/vec4 1, 0, 1;
    %store/vec4 v000001cefcd96ac0_0, 0, 1;
    %pushi/vec4 1, 0, 1;
    %store/vec4 v000001cefcde3f60_0, 0, 1;
    %pushi/vec4 2, 0, 2;
    %store/vec4 v000001cefcde40a0_0, 0, 2;
    %load/vec4 v000001cefcd968e0_0;
    %addi 4, 0, 9;
    %store/vec4 v000001cefcd968e0_0, 0, 9;
    %pushi/vec4 2934619046, 0, 32;
    %store/vec4 v000001cefcd96980_0, 0, 32;
    %delay 1, 0;
    %pushi/vec4 1, 0, 1;
    %store/vec4 v000001cefcd96ac0_0, 0, 1;
    %pushi/vec4 0, 0, 1;
    %store/vec4 v000001cefcde3f60_0, 0, 1;
    %pushi/vec4 3, 0, 2;
    %store/vec4 v000001cefcde40a0_0, 0, 2;
    %pushi/vec4 0, 0, 9;
    %store/vec4 v000001cefcd968e0_0, 0, 9;
    %delay 1, 0;
    %load/vec4 v000001cefcd968e0_0;
    %addi 4, 0, 9;
    %store/vec4 v000001cefcd968e0_0, 0, 9;
    %delay 1, 0;
    %load/vec4 v000001cefcd968e0_0;
    %addi 4, 0, 9;
    %store/vec4 v000001cefcd968e0_0, 0, 9;
    %delay 1, 0;
    %load/vec4 v000001cefcd968e0_0;
    %addi 4, 0, 9;
    %store/vec4 v000001cefcd968e0_0, 0, 9;
    %end;
    .thread T_4;
# The file index is used to find the file name in the following table.
:file_names 4;
    "N/A";
    "<interactive>";
    "project-data-memory-v2-precharge.v";
    "project-data-memory.v";
