#! /usr/local/Cellar/icarus-verilog/11.0/bin/vvp
:ivl_version "11.0 (stable)";
:ivl_delay_selection "TYPICAL";
:vpi_time_precision + 0;
:vpi_module "/usr/local/Cellar/icarus-verilog/11.0/lib/ivl/system.vpi";
:vpi_module "/usr/local/Cellar/icarus-verilog/11.0/lib/ivl/vhdl_sys.vpi";
:vpi_module "/usr/local/Cellar/icarus-verilog/11.0/lib/ivl/vhdl_textio.vpi";
:vpi_module "/usr/local/Cellar/icarus-verilog/11.0/lib/ivl/v2005_math.vpi";
:vpi_module "/usr/local/Cellar/icarus-verilog/11.0/lib/ivl/va_math.vpi";
S_0x7fe5ac804f50 .scope module, "control_unit" "control_unit" 2 67;
 .timescale 0 0;
    .port_info 0 /INPUT 32 "instr";
    .port_info 1 /INPUT 1 "clk";
    .port_info 2 /INPUT 1 "clr";
    .port_info 3 /OUTPUT 19 "instr_signals";
v0x7fe5ac807dc0_0 .var "CC_Enable", 0 0;
v0x7fe5ac8379f0_0 .var "I13", 0 0;
v0x7fe5ac837a90_0 .var "I24", 0 0;
v0x7fe5ac837b20_0 .var "I30", 0 0;
v0x7fe5ac837bc0_0 .var "I31", 0 0;
v0x7fe5ac837ca0_0 .var "ID_ALU_OP_instr", 3 0;
v0x7fe5ac837d50_0 .var "ID_branch_instr", 0 0;
v0x7fe5ac837df0_0 .var "ID_call_instr", 0 0;
v0x7fe5ac837e90_0 .var "ID_data_mem_Enable", 0 0;
v0x7fe5ac837fa0_0 .var "ID_data_mem_RW", 0 0;
v0x7fe5ac838030_0 .var "ID_data_mem_SE", 0 0;
v0x7fe5ac8380d0_0 .var "ID_data_mem_Size", 1 0;
v0x7fe5ac838180_0 .var "ID_jmpl_instr", 0 0;
v0x7fe5ac838220_0 .var "ID_load_instr", 0 0;
v0x7fe5ac8382c0_0 .var "ID_register_file_Enable", 0 0;
o0x7fe5aca422d8 .functor BUFZ 1, C4<z>; HiZ drive
v0x7fe5ac838360_0 .net "clk", 0 0, o0x7fe5aca422d8;  0 drivers
o0x7fe5aca42308 .functor BUFZ 1, C4<z>; HiZ drive
v0x7fe5ac838400_0 .net "clr", 0 0, o0x7fe5aca42308;  0 drivers
o0x7fe5aca42338 .functor BUFZ 32, C4<zzzzzzzzzzzzzzzzzzzzzzzzzzzzzzzz>; HiZ drive
v0x7fe5ac838590_0 .net "instr", 31 0, o0x7fe5aca42338;  0 drivers
v0x7fe5ac838620_0 .var "instr_op", 1 0;
v0x7fe5ac8386c0_0 .var "instr_signals", 18 0;
v0x7fe5ac838770_0 .var "is_sethi", 2 0;
v0x7fe5ac838820_0 .var "op3", 5 0;
E_0x7fe5ac828a80 .event posedge, v0x7fe5ac838360_0;
S_0x7fe5ac8050c0 .scope module, "control_unit_mux" "control_unit_mux" 2 1;
 .timescale 0 0;
    .port_info 0 /OUTPUT 4 "ID_ALU_OP_out";
    .port_info 1 /OUTPUT 1 "ID_jmpl_instr_out";
    .port_info 2 /OUTPUT 1 "ID_call_instr_out";
    .port_info 3 /OUTPUT 1 "ID_branch_instr_out";
    .port_info 4 /OUTPUT 1 "ID_load_instr_out";
    .port_info 5 /OUTPUT 1 "ID_register_file_Enable_out";
    .port_info 6 /OUTPUT 1 "ID_data_mem_SE";
    .port_info 7 /OUTPUT 1 "ID_data_mem_RW";
    .port_info 8 /OUTPUT 1 "ID_data_mem_Enable";
    .port_info 9 /OUTPUT 2 "ID_data_mem_Size";
    .port_info 10 /OUTPUT 1 "I31_out";
    .port_info 11 /OUTPUT 1 "I30_out";
    .port_info 12 /OUTPUT 1 "I24_out";
    .port_info 13 /OUTPUT 1 "I13_out";
    .port_info 14 /OUTPUT 4 "ID_ALU_OP_instr";
    .port_info 15 /OUTPUT 1 "CC_Enable";
    .port_info 16 /INPUT 1 "S";
    .port_info 17 /INPUT 19 "cu_in_mux";
v0x7fe5ac838930_0 .var "CC_Enable", 0 0;
v0x7fe5ac8389c0_0 .var "I13_out", 0 0;
v0x7fe5ac838a50_0 .var "I24_out", 0 0;
v0x7fe5ac838ae0_0 .var "I30_out", 0 0;
v0x7fe5ac838b80_0 .var "I31_out", 0 0;
v0x7fe5ac838c60_0 .var "ID_ALU_OP_instr", 3 0;
v0x7fe5ac838d10_0 .var "ID_ALU_OP_out", 3 0;
v0x7fe5ac838dc0_0 .var "ID_branch_instr_out", 0 0;
v0x7fe5ac838e60_0 .var "ID_call_instr_out", 0 0;
v0x7fe5ac838f70_0 .var "ID_data_mem_Enable", 0 0;
v0x7fe5ac839000_0 .var "ID_data_mem_RW", 0 0;
v0x7fe5ac8390a0_0 .var "ID_data_mem_SE", 0 0;
v0x7fe5ac839140_0 .var "ID_data_mem_Size", 1 0;
v0x7fe5ac8391f0_0 .var "ID_jmpl_instr_out", 0 0;
v0x7fe5ac839290_0 .var "ID_load_instr_out", 0 0;
v0x7fe5ac839330_0 .var "ID_register_file_Enable_out", 0 0;
o0x7fe5aca427e8 .functor BUFZ 1, C4<z>; HiZ drive
v0x7fe5ac8393d0_0 .net "S", 0 0, o0x7fe5aca427e8;  0 drivers
o0x7fe5aca42818 .functor BUFZ 19, C4<zzzzzzzzzzzzzzzzzzz>; HiZ drive
v0x7fe5ac839560_0 .net "cu_in_mux", 18 0, o0x7fe5aca42818;  0 drivers
E_0x7fe5ac837f20 .event edge, v0x7fe5ac8393d0_0;
    .scope S_0x7fe5ac804f50;
T_0 ;
    %wait E_0x7fe5ac828a80;
    %load/vec4 v0x7fe5ac838400_0;
    %pad/u 32;
    %pushi/vec4 0, 0, 32;
    %cmp/e;
    %flag_get/vec4 4;
    %load/vec4 v0x7fe5ac838360_0;
    %pad/u 32;
    %pushi/vec4 1, 0, 32;
    %cmp/e;
    %flag_get/vec4 4;
    %and;
    %flag_set/vec4 8;
    %jmp/0xz  T_0.0, 8;
    %load/vec4 v0x7fe5ac838590_0;
    %cmpi/e 0, 0, 32;
    %jmp/0xz  T_0.2, 4;
    %pushi/vec4 0, 0, 1;
    %store/vec4 v0x7fe5ac838180_0, 0, 1;
    %pushi/vec4 0, 0, 1;
    %store/vec4 v0x7fe5ac837df0_0, 0, 1;
    %pushi/vec4 0, 0, 1;
    %store/vec4 v0x7fe5ac837d50_0, 0, 1;
    %pushi/vec4 0, 0, 1;
    %store/vec4 v0x7fe5ac838220_0, 0, 1;
    %pushi/vec4 0, 0, 1;
    %store/vec4 v0x7fe5ac8382c0_0, 0, 1;
    %pushi/vec4 0, 0, 1;
    %store/vec4 v0x7fe5ac838030_0, 0, 1;
    %pushi/vec4 0, 0, 1;
    %store/vec4 v0x7fe5ac837fa0_0, 0, 1;
    %pushi/vec4 0, 0, 1;
    %store/vec4 v0x7fe5ac837e90_0, 0, 1;
    %pushi/vec4 0, 0, 2;
    %store/vec4 v0x7fe5ac8380d0_0, 0, 2;
    %pushi/vec4 0, 0, 4;
    %store/vec4 v0x7fe5ac837ca0_0, 0, 4;
    %pushi/vec4 0, 0, 1;
    %store/vec4 v0x7fe5ac807dc0_0, 0, 1;
    %jmp T_0.3;
T_0.2 ;
    %load/vec4 v0x7fe5ac838590_0;
    %parti/s 2, 30, 6;
    %store/vec4 v0x7fe5ac838620_0, 0, 2;
    %load/vec4 v0x7fe5ac838620_0;
    %dup/vec4;
    %pushi/vec4 0, 0, 2;
    %cmp/u;
    %jmp/1 T_0.4, 6;
    %dup/vec4;
    %pushi/vec4 1, 0, 2;
    %cmp/u;
    %jmp/1 T_0.5, 6;
    %dup/vec4;
    %pushi/vec4 2, 0, 2;
    %cmp/u;
    %jmp/1 T_0.6, 6;
    %dup/vec4;
    %pushi/vec4 3, 0, 2;
    %cmp/u;
    %jmp/1 T_0.7, 6;
    %jmp T_0.8;
T_0.4 ;
    %pushi/vec4 0, 0, 1;
    %store/vec4 v0x7fe5ac838180_0, 0, 1;
    %pushi/vec4 0, 0, 1;
    %store/vec4 v0x7fe5ac837df0_0, 0, 1;
    %pushi/vec4 0, 0, 1;
    %store/vec4 v0x7fe5ac838220_0, 0, 1;
    %pushi/vec4 0, 0, 1;
    %store/vec4 v0x7fe5ac8382c0_0, 0, 1;
    %pushi/vec4 0, 0, 1;
    %store/vec4 v0x7fe5ac807dc0_0, 0, 1;
    %pushi/vec4 0, 0, 1;
    %store/vec4 v0x7fe5ac838030_0, 0, 1;
    %pushi/vec4 0, 0, 1;
    %store/vec4 v0x7fe5ac837fa0_0, 0, 1;
    %pushi/vec4 0, 0, 1;
    %store/vec4 v0x7fe5ac837e90_0, 0, 1;
    %pushi/vec4 0, 0, 2;
    %store/vec4 v0x7fe5ac8380d0_0, 0, 2;
    %load/vec4 v0x7fe5ac838590_0;
    %parti/s 3, 22, 6;
    %store/vec4 v0x7fe5ac838770_0, 0, 3;
    %load/vec4 v0x7fe5ac838770_0;
    %cmpi/e 4, 0, 3;
    %jmp/0xz  T_0.9, 4;
    %pushi/vec4 14, 0, 4;
    %store/vec4 v0x7fe5ac837ca0_0, 0, 4;
    %pushi/vec4 0, 0, 1;
    %store/vec4 v0x7fe5ac837d50_0, 0, 1;
    %jmp T_0.10;
T_0.9 ;
    %load/vec4 v0x7fe5ac838770_0;
    %cmpi/e 2, 0, 3;
    %jmp/0xz  T_0.11, 4;
    %pushi/vec4 1, 0, 1;
    %assign/vec4 v0x7fe5ac837d50_0, 0;
T_0.11 ;
T_0.10 ;
    %jmp T_0.8;
T_0.5 ;
    %pushi/vec4 0, 0, 1;
    %store/vec4 v0x7fe5ac838180_0, 0, 1;
    %pushi/vec4 1, 0, 1;
    %store/vec4 v0x7fe5ac837df0_0, 0, 1;
    %pushi/vec4 0, 0, 1;
    %store/vec4 v0x7fe5ac837d50_0, 0, 1;
    %pushi/vec4 0, 0, 1;
    %store/vec4 v0x7fe5ac838220_0, 0, 1;
    %pushi/vec4 1, 0, 1;
    %store/vec4 v0x7fe5ac8382c0_0, 0, 1;
    %pushi/vec4 0, 0, 1;
    %store/vec4 v0x7fe5ac838030_0, 0, 1;
    %pushi/vec4 0, 0, 1;
    %store/vec4 v0x7fe5ac837fa0_0, 0, 1;
    %pushi/vec4 0, 0, 1;
    %store/vec4 v0x7fe5ac837e90_0, 0, 1;
    %pushi/vec4 0, 0, 2;
    %store/vec4 v0x7fe5ac8380d0_0, 0, 2;
    %pushi/vec4 0, 0, 4;
    %store/vec4 v0x7fe5ac837ca0_0, 0, 4;
    %pushi/vec4 0, 0, 1;
    %store/vec4 v0x7fe5ac807dc0_0, 0, 1;
    %jmp T_0.8;
T_0.6 ;
    %load/vec4 v0x7fe5ac838590_0;
    %parti/s 6, 19, 6;
    %store/vec4 v0x7fe5ac838820_0, 0, 6;
    %load/vec4 v0x7fe5ac838620_0;
    %cmpi/e 3, 0, 2;
    %jmp/0xz  T_0.13, 4;
    %pushi/vec4 0, 0, 1;
    %store/vec4 v0x7fe5ac838180_0, 0, 1;
    %pushi/vec4 0, 0, 1;
    %store/vec4 v0x7fe5ac837df0_0, 0, 1;
    %pushi/vec4 0, 0, 1;
    %store/vec4 v0x7fe5ac837d50_0, 0, 1;
    %pushi/vec4 0, 0, 1;
    %store/vec4 v0x7fe5ac807dc0_0, 0, 1;
    %pushi/vec4 0, 0, 4;
    %store/vec4 v0x7fe5ac837ca0_0, 0, 4;
    %pushi/vec4 1, 0, 1;
    %store/vec4 v0x7fe5ac8382c0_0, 0, 1;
    %pushi/vec4 1, 0, 1;
    %store/vec4 v0x7fe5ac837e90_0, 0, 1;
    %load/vec4 v0x7fe5ac838820_0;
    %dup/vec4;
    %pushi/vec4 9, 0, 6;
    %cmp/u;
    %jmp/1 T_0.15, 6;
    %dup/vec4;
    %pushi/vec4 10, 0, 6;
    %cmp/u;
    %jmp/1 T_0.16, 6;
    %dup/vec4;
    %pushi/vec4 0, 0, 6;
    %cmp/u;
    %jmp/1 T_0.17, 6;
    %dup/vec4;
    %pushi/vec4 1, 0, 6;
    %cmp/u;
    %jmp/1 T_0.18, 6;
    %dup/vec4;
    %pushi/vec4 2, 0, 6;
    %cmp/u;
    %jmp/1 T_0.19, 6;
    %dup/vec4;
    %pushi/vec4 5, 0, 6;
    %cmp/u;
    %jmp/1 T_0.20, 6;
    %dup/vec4;
    %pushi/vec4 6, 0, 6;
    %cmp/u;
    %jmp/1 T_0.21, 6;
    %dup/vec4;
    %pushi/vec4 4, 0, 6;
    %cmp/u;
    %jmp/1 T_0.22, 6;
    %jmp T_0.23;
T_0.15 ;
    %pushi/vec4 1, 0, 1;
    %store/vec4 v0x7fe5ac838220_0, 0, 1;
    %pushi/vec4 0, 0, 1;
    %store/vec4 v0x7fe5ac837fa0_0, 0, 1;
    %load/vec4 v0x7fe5ac838820_0;
    %cmpi/e 9, 0, 6;
    %jmp/0xz  T_0.24, 4;
    %pushi/vec4 1, 0, 1;
    %store/vec4 v0x7fe5ac838030_0, 0, 1;
    %pushi/vec4 0, 0, 2;
    %store/vec4 v0x7fe5ac8380d0_0, 0, 2;
    %jmp T_0.25;
T_0.24 ;
    %load/vec4 v0x7fe5ac838820_0;
    %cmpi/e 10, 0, 6;
    %jmp/0xz  T_0.26, 4;
    %pushi/vec4 1, 0, 1;
    %store/vec4 v0x7fe5ac838030_0, 0, 1;
    %pushi/vec4 1, 0, 2;
    %store/vec4 v0x7fe5ac8380d0_0, 0, 2;
    %jmp T_0.27;
T_0.26 ;
    %load/vec4 v0x7fe5ac838820_0;
    %cmpi/e 0, 0, 6;
    %jmp/0xz  T_0.28, 4;
    %pushi/vec4 0, 0, 1;
    %store/vec4 v0x7fe5ac838030_0, 0, 1;
    %pushi/vec4 2, 0, 2;
    %store/vec4 v0x7fe5ac8380d0_0, 0, 2;
    %jmp T_0.29;
T_0.28 ;
    %load/vec4 v0x7fe5ac838820_0;
    %cmpi/e 1, 0, 6;
    %jmp/0xz  T_0.30, 4;
    %pushi/vec4 0, 0, 1;
    %store/vec4 v0x7fe5ac838030_0, 0, 1;
    %pushi/vec4 0, 0, 2;
    %store/vec4 v0x7fe5ac8380d0_0, 0, 2;
    %jmp T_0.31;
T_0.30 ;
    %pushi/vec4 0, 0, 1;
    %store/vec4 v0x7fe5ac838030_0, 0, 1;
    %pushi/vec4 1, 0, 2;
    %store/vec4 v0x7fe5ac8380d0_0, 0, 2;
T_0.31 ;
T_0.29 ;
T_0.27 ;
T_0.25 ;
    %jmp T_0.23;
T_0.16 ;
    %pushi/vec4 1, 0, 1;
    %store/vec4 v0x7fe5ac838220_0, 0, 1;
    %pushi/vec4 0, 0, 1;
    %store/vec4 v0x7fe5ac837fa0_0, 0, 1;
    %load/vec4 v0x7fe5ac838820_0;
    %cmpi/e 9, 0, 6;
    %jmp/0xz  T_0.32, 4;
    %pushi/vec4 1, 0, 1;
    %store/vec4 v0x7fe5ac838030_0, 0, 1;
    %pushi/vec4 0, 0, 2;
    %store/vec4 v0x7fe5ac8380d0_0, 0, 2;
    %jmp T_0.33;
T_0.32 ;
    %load/vec4 v0x7fe5ac838820_0;
    %cmpi/e 10, 0, 6;
    %jmp/0xz  T_0.34, 4;
    %pushi/vec4 1, 0, 1;
    %store/vec4 v0x7fe5ac838030_0, 0, 1;
    %pushi/vec4 1, 0, 2;
    %store/vec4 v0x7fe5ac8380d0_0, 0, 2;
    %jmp T_0.35;
T_0.34 ;
    %load/vec4 v0x7fe5ac838820_0;
    %cmpi/e 0, 0, 6;
    %jmp/0xz  T_0.36, 4;
    %pushi/vec4 0, 0, 1;
    %store/vec4 v0x7fe5ac838030_0, 0, 1;
    %pushi/vec4 2, 0, 2;
    %store/vec4 v0x7fe5ac8380d0_0, 0, 2;
    %jmp T_0.37;
T_0.36 ;
    %load/vec4 v0x7fe5ac838820_0;
    %cmpi/e 1, 0, 6;
    %jmp/0xz  T_0.38, 4;
    %pushi/vec4 0, 0, 1;
    %store/vec4 v0x7fe5ac838030_0, 0, 1;
    %pushi/vec4 0, 0, 2;
    %store/vec4 v0x7fe5ac8380d0_0, 0, 2;
    %jmp T_0.39;
T_0.38 ;
    %pushi/vec4 0, 0, 1;
    %store/vec4 v0x7fe5ac838030_0, 0, 1;
    %pushi/vec4 1, 0, 2;
    %store/vec4 v0x7fe5ac8380d0_0, 0, 2;
T_0.39 ;
T_0.37 ;
T_0.35 ;
T_0.33 ;
    %jmp T_0.23;
T_0.17 ;
    %pushi/vec4 1, 0, 1;
    %store/vec4 v0x7fe5ac838220_0, 0, 1;
    %pushi/vec4 0, 0, 1;
    %store/vec4 v0x7fe5ac837fa0_0, 0, 1;
    %load/vec4 v0x7fe5ac838820_0;
    %cmpi/e 9, 0, 6;
    %jmp/0xz  T_0.40, 4;
    %pushi/vec4 1, 0, 1;
    %store/vec4 v0x7fe5ac838030_0, 0, 1;
    %pushi/vec4 0, 0, 2;
    %store/vec4 v0x7fe5ac8380d0_0, 0, 2;
    %jmp T_0.41;
T_0.40 ;
    %load/vec4 v0x7fe5ac838820_0;
    %cmpi/e 10, 0, 6;
    %jmp/0xz  T_0.42, 4;
    %pushi/vec4 1, 0, 1;
    %store/vec4 v0x7fe5ac838030_0, 0, 1;
    %pushi/vec4 1, 0, 2;
    %store/vec4 v0x7fe5ac8380d0_0, 0, 2;
    %jmp T_0.43;
T_0.42 ;
    %load/vec4 v0x7fe5ac838820_0;
    %cmpi/e 0, 0, 6;
    %jmp/0xz  T_0.44, 4;
    %pushi/vec4 0, 0, 1;
    %store/vec4 v0x7fe5ac838030_0, 0, 1;
    %pushi/vec4 2, 0, 2;
    %store/vec4 v0x7fe5ac8380d0_0, 0, 2;
    %jmp T_0.45;
T_0.44 ;
    %load/vec4 v0x7fe5ac838820_0;
    %cmpi/e 1, 0, 6;
    %jmp/0xz  T_0.46, 4;
    %pushi/vec4 0, 0, 1;
    %store/vec4 v0x7fe5ac838030_0, 0, 1;
    %pushi/vec4 0, 0, 2;
    %store/vec4 v0x7fe5ac8380d0_0, 0, 2;
    %jmp T_0.47;
T_0.46 ;
    %pushi/vec4 0, 0, 1;
    %store/vec4 v0x7fe5ac838030_0, 0, 1;
    %pushi/vec4 1, 0, 2;
    %store/vec4 v0x7fe5ac8380d0_0, 0, 2;
T_0.47 ;
T_0.45 ;
T_0.43 ;
T_0.41 ;
    %jmp T_0.23;
T_0.18 ;
    %pushi/vec4 1, 0, 1;
    %store/vec4 v0x7fe5ac838220_0, 0, 1;
    %pushi/vec4 0, 0, 1;
    %store/vec4 v0x7fe5ac837fa0_0, 0, 1;
    %load/vec4 v0x7fe5ac838820_0;
    %cmpi/e 9, 0, 6;
    %jmp/0xz  T_0.48, 4;
    %pushi/vec4 1, 0, 1;
    %store/vec4 v0x7fe5ac838030_0, 0, 1;
    %pushi/vec4 0, 0, 2;
    %store/vec4 v0x7fe5ac8380d0_0, 0, 2;
    %jmp T_0.49;
T_0.48 ;
    %load/vec4 v0x7fe5ac838820_0;
    %cmpi/e 10, 0, 6;
    %jmp/0xz  T_0.50, 4;
    %pushi/vec4 1, 0, 1;
    %store/vec4 v0x7fe5ac838030_0, 0, 1;
    %pushi/vec4 1, 0, 2;
    %store/vec4 v0x7fe5ac8380d0_0, 0, 2;
    %jmp T_0.51;
T_0.50 ;
    %load/vec4 v0x7fe5ac838820_0;
    %cmpi/e 0, 0, 6;
    %jmp/0xz  T_0.52, 4;
    %pushi/vec4 0, 0, 1;
    %store/vec4 v0x7fe5ac838030_0, 0, 1;
    %pushi/vec4 2, 0, 2;
    %store/vec4 v0x7fe5ac8380d0_0, 0, 2;
    %jmp T_0.53;
T_0.52 ;
    %load/vec4 v0x7fe5ac838820_0;
    %cmpi/e 1, 0, 6;
    %jmp/0xz  T_0.54, 4;
    %pushi/vec4 0, 0, 1;
    %store/vec4 v0x7fe5ac838030_0, 0, 1;
    %pushi/vec4 0, 0, 2;
    %store/vec4 v0x7fe5ac8380d0_0, 0, 2;
    %jmp T_0.55;
T_0.54 ;
    %pushi/vec4 0, 0, 1;
    %store/vec4 v0x7fe5ac838030_0, 0, 1;
    %pushi/vec4 1, 0, 2;
    %store/vec4 v0x7fe5ac8380d0_0, 0, 2;
T_0.55 ;
T_0.53 ;
T_0.51 ;
T_0.49 ;
    %jmp T_0.23;
T_0.19 ;
    %pushi/vec4 1, 0, 1;
    %store/vec4 v0x7fe5ac838220_0, 0, 1;
    %pushi/vec4 0, 0, 1;
    %store/vec4 v0x7fe5ac837fa0_0, 0, 1;
    %load/vec4 v0x7fe5ac838820_0;
    %cmpi/e 9, 0, 6;
    %jmp/0xz  T_0.56, 4;
    %pushi/vec4 1, 0, 1;
    %store/vec4 v0x7fe5ac838030_0, 0, 1;
    %pushi/vec4 0, 0, 2;
    %store/vec4 v0x7fe5ac8380d0_0, 0, 2;
    %jmp T_0.57;
T_0.56 ;
    %load/vec4 v0x7fe5ac838820_0;
    %cmpi/e 10, 0, 6;
    %jmp/0xz  T_0.58, 4;
    %pushi/vec4 1, 0, 1;
    %store/vec4 v0x7fe5ac838030_0, 0, 1;
    %pushi/vec4 1, 0, 2;
    %store/vec4 v0x7fe5ac8380d0_0, 0, 2;
    %jmp T_0.59;
T_0.58 ;
    %load/vec4 v0x7fe5ac838820_0;
    %cmpi/e 0, 0, 6;
    %jmp/0xz  T_0.60, 4;
    %pushi/vec4 0, 0, 1;
    %store/vec4 v0x7fe5ac838030_0, 0, 1;
    %pushi/vec4 2, 0, 2;
    %store/vec4 v0x7fe5ac8380d0_0, 0, 2;
    %jmp T_0.61;
T_0.60 ;
    %load/vec4 v0x7fe5ac838820_0;
    %cmpi/e 1, 0, 6;
    %jmp/0xz  T_0.62, 4;
    %pushi/vec4 0, 0, 1;
    %store/vec4 v0x7fe5ac838030_0, 0, 1;
    %pushi/vec4 0, 0, 2;
    %store/vec4 v0x7fe5ac8380d0_0, 0, 2;
    %jmp T_0.63;
T_0.62 ;
    %pushi/vec4 0, 0, 1;
    %store/vec4 v0x7fe5ac838030_0, 0, 1;
    %pushi/vec4 1, 0, 2;
    %store/vec4 v0x7fe5ac8380d0_0, 0, 2;
T_0.63 ;
T_0.61 ;
T_0.59 ;
T_0.57 ;
    %jmp T_0.23;
T_0.20 ;
    %pushi/vec4 0, 0, 1;
    %store/vec4 v0x7fe5ac838220_0, 0, 1;
    %pushi/vec4 1, 0, 1;
    %store/vec4 v0x7fe5ac837fa0_0, 0, 1;
    %load/vec4 v0x7fe5ac838820_0;
    %cmpi/e 5, 0, 6;
    %jmp/0xz  T_0.64, 4;
    %pushi/vec4 0, 0, 2;
    %store/vec4 v0x7fe5ac8380d0_0, 0, 2;
    %jmp T_0.65;
T_0.64 ;
    %load/vec4 v0x7fe5ac838820_0;
    %cmpi/e 6, 0, 6;
    %jmp/0xz  T_0.66, 4;
    %pushi/vec4 1, 0, 2;
    %store/vec4 v0x7fe5ac8380d0_0, 0, 2;
    %jmp T_0.67;
T_0.66 ;
    %pushi/vec4 2, 0, 2;
    %store/vec4 v0x7fe5ac8380d0_0, 0, 2;
T_0.67 ;
T_0.65 ;
    %jmp T_0.23;
T_0.21 ;
    %pushi/vec4 0, 0, 1;
    %store/vec4 v0x7fe5ac838220_0, 0, 1;
    %pushi/vec4 1, 0, 1;
    %store/vec4 v0x7fe5ac837fa0_0, 0, 1;
    %load/vec4 v0x7fe5ac838820_0;
    %cmpi/e 5, 0, 6;
    %jmp/0xz  T_0.68, 4;
    %pushi/vec4 0, 0, 2;
    %store/vec4 v0x7fe5ac8380d0_0, 0, 2;
    %jmp T_0.69;
T_0.68 ;
    %load/vec4 v0x7fe5ac838820_0;
    %cmpi/e 6, 0, 6;
    %jmp/0xz  T_0.70, 4;
    %pushi/vec4 1, 0, 2;
    %store/vec4 v0x7fe5ac8380d0_0, 0, 2;
    %jmp T_0.71;
T_0.70 ;
    %pushi/vec4 2, 0, 2;
    %store/vec4 v0x7fe5ac8380d0_0, 0, 2;
T_0.71 ;
T_0.69 ;
    %jmp T_0.23;
T_0.22 ;
    %pushi/vec4 0, 0, 1;
    %store/vec4 v0x7fe5ac838220_0, 0, 1;
    %pushi/vec4 1, 0, 1;
    %store/vec4 v0x7fe5ac837fa0_0, 0, 1;
    %load/vec4 v0x7fe5ac838820_0;
    %cmpi/e 5, 0, 6;
    %jmp/0xz  T_0.72, 4;
    %pushi/vec4 0, 0, 2;
    %store/vec4 v0x7fe5ac8380d0_0, 0, 2;
    %jmp T_0.73;
T_0.72 ;
    %load/vec4 v0x7fe5ac838820_0;
    %cmpi/e 6, 0, 6;
    %jmp/0xz  T_0.74, 4;
    %pushi/vec4 1, 0, 2;
    %store/vec4 v0x7fe5ac8380d0_0, 0, 2;
    %jmp T_0.75;
T_0.74 ;
    %pushi/vec4 2, 0, 2;
    %store/vec4 v0x7fe5ac8380d0_0, 0, 2;
T_0.75 ;
T_0.73 ;
    %jmp T_0.23;
T_0.23 ;
    %pop/vec4 1;
    %jmp T_0.14;
T_0.13 ;
    %load/vec4 v0x7fe5ac838620_0;
    %cmpi/e 2, 0, 2;
    %jmp/0xz  T_0.76, 4;
    %pushi/vec4 0, 0, 1;
    %store/vec4 v0x7fe5ac837df0_0, 0, 1;
    %pushi/vec4 0, 0, 1;
    %store/vec4 v0x7fe5ac837d50_0, 0, 1;
    %load/vec4 v0x7fe5ac838820_0;
    %dup/vec4;
    %pushi/vec4 56, 0, 6;
    %cmp/u;
    %jmp/1 T_0.78, 6;
    %dup/vec4;
    %pushi/vec4 60, 0, 6;
    %cmp/u;
    %jmp/1 T_0.79, 6;
    %dup/vec4;
    %pushi/vec4 61, 0, 6;
    %cmp/u;
    %jmp/1 T_0.80, 6;
    %load/vec4 v0x7fe5ac838820_0;
    %dup/vec4;
    %pushi/vec4 0, 0, 6;
    %cmp/u;
    %jmp/1 T_0.83, 6;
    %dup/vec4;
    %pushi/vec4 16, 0, 6;
    %cmp/u;
    %jmp/1 T_0.84, 6;
    %dup/vec4;
    %pushi/vec4 8, 0, 6;
    %cmp/u;
    %jmp/1 T_0.85, 6;
    %dup/vec4;
    %pushi/vec4 24, 0, 6;
    %cmp/u;
    %jmp/1 T_0.86, 6;
    %dup/vec4;
    %pushi/vec4 4, 0, 6;
    %cmp/u;
    %jmp/1 T_0.87, 6;
    %dup/vec4;
    %pushi/vec4 20, 0, 6;
    %cmp/u;
    %jmp/1 T_0.88, 6;
    %dup/vec4;
    %pushi/vec4 12, 0, 6;
    %cmp/u;
    %jmp/1 T_0.89, 6;
    %dup/vec4;
    %pushi/vec4 1, 0, 6;
    %cmp/u;
    %jmp/1 T_0.90, 6;
    %dup/vec4;
    %pushi/vec4 17, 0, 6;
    %cmp/u;
    %jmp/1 T_0.91, 6;
    %dup/vec4;
    %pushi/vec4 5, 0, 6;
    %cmp/u;
    %jmp/1 T_0.92, 6;
    %dup/vec4;
    %pushi/vec4 21, 0, 6;
    %cmp/u;
    %jmp/1 T_0.93, 6;
    %dup/vec4;
    %pushi/vec4 2, 0, 6;
    %cmp/u;
    %jmp/1 T_0.94, 6;
    %dup/vec4;
    %pushi/vec4 18, 0, 6;
    %cmp/u;
    %jmp/1 T_0.95, 6;
    %dup/vec4;
    %pushi/vec4 6, 0, 6;
    %cmp/u;
    %jmp/1 T_0.96, 6;
    %dup/vec4;
    %pushi/vec4 22, 0, 6;
    %cmp/u;
    %jmp/1 T_0.97, 6;
    %dup/vec4;
    %pushi/vec4 3, 0, 6;
    %cmp/u;
    %jmp/1 T_0.98, 6;
    %dup/vec4;
    %pushi/vec4 19, 0, 6;
    %cmp/u;
    %jmp/1 T_0.99, 6;
    %dup/vec4;
    %pushi/vec4 7, 0, 6;
    %cmp/u;
    %jmp/1 T_0.100, 6;
    %dup/vec4;
    %pushi/vec4 23, 0, 6;
    %cmp/u;
    %jmp/1 T_0.101, 6;
    %dup/vec4;
    %pushi/vec4 37, 0, 6;
    %cmp/u;
    %jmp/1 T_0.102, 6;
    %dup/vec4;
    %pushi/vec4 38, 0, 6;
    %cmp/u;
    %jmp/1 T_0.103, 6;
    %dup/vec4;
    %pushi/vec4 39, 0, 6;
    %cmp/u;
    %jmp/1 T_0.104, 6;
    %jmp T_0.105;
T_0.83 ;
    %pushi/vec4 0, 0, 4;
    %store/vec4 v0x7fe5ac837ca0_0, 0, 4;
    %pushi/vec4 0, 0, 1;
    %store/vec4 v0x7fe5ac807dc0_0, 0, 1;
    %jmp T_0.105;
T_0.84 ;
    %pushi/vec4 0, 0, 4;
    %store/vec4 v0x7fe5ac837ca0_0, 0, 4;
    %pushi/vec4 1, 0, 1;
    %store/vec4 v0x7fe5ac807dc0_0, 0, 1;
    %jmp T_0.105;
T_0.85 ;
    %pushi/vec4 1, 0, 4;
    %store/vec4 v0x7fe5ac837ca0_0, 0, 4;
    %pushi/vec4 0, 0, 1;
    %store/vec4 v0x7fe5ac807dc0_0, 0, 1;
    %jmp T_0.105;
T_0.86 ;
    %pushi/vec4 1, 0, 4;
    %store/vec4 v0x7fe5ac837ca0_0, 0, 4;
    %pushi/vec4 1, 0, 1;
    %store/vec4 v0x7fe5ac807dc0_0, 0, 1;
    %jmp T_0.105;
T_0.87 ;
    %pushi/vec4 2, 0, 4;
    %store/vec4 v0x7fe5ac837ca0_0, 0, 4;
    %pushi/vec4 0, 0, 1;
    %store/vec4 v0x7fe5ac807dc0_0, 0, 1;
    %jmp T_0.105;
T_0.88 ;
    %pushi/vec4 2, 0, 4;
    %store/vec4 v0x7fe5ac837ca0_0, 0, 4;
    %pushi/vec4 1, 0, 1;
    %store/vec4 v0x7fe5ac807dc0_0, 0, 1;
    %jmp T_0.105;
T_0.89 ;
    %pushi/vec4 3, 0, 4;
    %store/vec4 v0x7fe5ac837ca0_0, 0, 4;
    %pushi/vec4 0, 0, 1;
    %store/vec4 v0x7fe5ac807dc0_0, 0, 1;
    %jmp T_0.105;
T_0.90 ;
    %pushi/vec4 4, 0, 4;
    %store/vec4 v0x7fe5ac837ca0_0, 0, 4;
    %pushi/vec4 0, 0, 1;
    %store/vec4 v0x7fe5ac807dc0_0, 0, 1;
    %jmp T_0.105;
T_0.91 ;
    %pushi/vec4 4, 0, 4;
    %store/vec4 v0x7fe5ac837ca0_0, 0, 4;
    %pushi/vec4 1, 0, 1;
    %store/vec4 v0x7fe5ac807dc0_0, 0, 1;
    %jmp T_0.105;
T_0.92 ;
    %pushi/vec4 8, 0, 4;
    %store/vec4 v0x7fe5ac837ca0_0, 0, 4;
    %pushi/vec4 0, 0, 1;
    %store/vec4 v0x7fe5ac807dc0_0, 0, 1;
    %jmp T_0.105;
T_0.93 ;
    %pushi/vec4 8, 0, 4;
    %store/vec4 v0x7fe5ac837ca0_0, 0, 4;
    %pushi/vec4 1, 0, 1;
    %store/vec4 v0x7fe5ac807dc0_0, 0, 1;
    %jmp T_0.105;
T_0.94 ;
    %pushi/vec4 5, 0, 4;
    %store/vec4 v0x7fe5ac837ca0_0, 0, 4;
    %pushi/vec4 0, 0, 1;
    %store/vec4 v0x7fe5ac807dc0_0, 0, 1;
    %jmp T_0.105;
T_0.95 ;
    %pushi/vec4 5, 0, 4;
    %store/vec4 v0x7fe5ac837ca0_0, 0, 4;
    %pushi/vec4 1, 0, 1;
    %store/vec4 v0x7fe5ac807dc0_0, 0, 1;
    %jmp T_0.105;
T_0.96 ;
    %pushi/vec4 9, 0, 4;
    %store/vec4 v0x7fe5ac837ca0_0, 0, 4;
    %pushi/vec4 0, 0, 1;
    %store/vec4 v0x7fe5ac807dc0_0, 0, 1;
    %jmp T_0.105;
T_0.97 ;
    %pushi/vec4 9, 0, 4;
    %store/vec4 v0x7fe5ac837ca0_0, 0, 4;
    %pushi/vec4 1, 0, 1;
    %store/vec4 v0x7fe5ac807dc0_0, 0, 1;
    %jmp T_0.105;
T_0.98 ;
    %pushi/vec4 6, 0, 4;
    %store/vec4 v0x7fe5ac837ca0_0, 0, 4;
    %pushi/vec4 0, 0, 1;
    %store/vec4 v0x7fe5ac807dc0_0, 0, 1;
    %jmp T_0.105;
T_0.99 ;
    %pushi/vec4 6, 0, 4;
    %store/vec4 v0x7fe5ac837ca0_0, 0, 4;
    %pushi/vec4 1, 0, 1;
    %store/vec4 v0x7fe5ac807dc0_0, 0, 1;
    %jmp T_0.105;
T_0.100 ;
    %pushi/vec4 7, 0, 4;
    %store/vec4 v0x7fe5ac837ca0_0, 0, 4;
    %pushi/vec4 0, 0, 1;
    %store/vec4 v0x7fe5ac807dc0_0, 0, 1;
    %jmp T_0.105;
T_0.101 ;
    %pushi/vec4 7, 0, 4;
    %store/vec4 v0x7fe5ac837ca0_0, 0, 4;
    %pushi/vec4 1, 0, 1;
    %store/vec4 v0x7fe5ac807dc0_0, 0, 1;
    %jmp T_0.105;
T_0.102 ;
    %pushi/vec4 10, 0, 4;
    %store/vec4 v0x7fe5ac837ca0_0, 0, 4;
    %pushi/vec4 0, 0, 1;
    %store/vec4 v0x7fe5ac807dc0_0, 0, 1;
    %jmp T_0.105;
T_0.103 ;
    %pushi/vec4 11, 0, 4;
    %store/vec4 v0x7fe5ac837ca0_0, 0, 4;
    %pushi/vec4 0, 0, 1;
    %store/vec4 v0x7fe5ac807dc0_0, 0, 1;
    %jmp T_0.105;
T_0.104 ;
    %pushi/vec4 12, 0, 4;
    %store/vec4 v0x7fe5ac837ca0_0, 0, 4;
    %pushi/vec4 0, 0, 1;
    %store/vec4 v0x7fe5ac807dc0_0, 0, 1;
    %jmp T_0.105;
T_0.105 ;
    %pop/vec4 1;
    %pushi/vec4 0, 0, 1;
    %store/vec4 v0x7fe5ac838180_0, 0, 1;
    %pushi/vec4 0, 0, 1;
    %store/vec4 v0x7fe5ac837df0_0, 0, 1;
    %pushi/vec4 0, 0, 1;
    %store/vec4 v0x7fe5ac837d50_0, 0, 1;
    %pushi/vec4 0, 0, 1;
    %store/vec4 v0x7fe5ac838220_0, 0, 1;
    %pushi/vec4 0, 0, 1;
    %store/vec4 v0x7fe5ac8382c0_0, 0, 1;
    %pushi/vec4 0, 0, 1;
    %store/vec4 v0x7fe5ac838030_0, 0, 1;
    %pushi/vec4 0, 0, 1;
    %store/vec4 v0x7fe5ac837fa0_0, 0, 1;
    %pushi/vec4 0, 0, 1;
    %store/vec4 v0x7fe5ac837e90_0, 0, 1;
    %pushi/vec4 0, 0, 2;
    %store/vec4 v0x7fe5ac8380d0_0, 0, 2;
    %jmp T_0.82;
T_0.78 ;
    %pushi/vec4 1, 0, 1;
    %store/vec4 v0x7fe5ac838180_0, 0, 1;
    %pushi/vec4 0, 0, 1;
    %store/vec4 v0x7fe5ac838220_0, 0, 1;
    %pushi/vec4 0, 0, 1;
    %store/vec4 v0x7fe5ac838030_0, 0, 1;
    %pushi/vec4 0, 0, 1;
    %store/vec4 v0x7fe5ac837fa0_0, 0, 1;
    %pushi/vec4 0, 0, 1;
    %store/vec4 v0x7fe5ac8382c0_0, 0, 1;
    %pushi/vec4 0, 0, 4;
    %store/vec4 v0x7fe5ac837ca0_0, 0, 4;
    %pushi/vec4 0, 0, 1;
    %store/vec4 v0x7fe5ac837e90_0, 0, 1;
    %pushi/vec4 0, 0, 2;
    %store/vec4 v0x7fe5ac8380d0_0, 0, 2;
    %pushi/vec4 0, 0, 1;
    %store/vec4 v0x7fe5ac807dc0_0, 0, 1;
    %jmp T_0.82;
T_0.79 ;
    %pushi/vec4 0, 0, 1;
    %store/vec4 v0x7fe5ac838180_0, 0, 1;
    %pushi/vec4 0, 0, 1;
    %store/vec4 v0x7fe5ac838220_0, 0, 1;
    %pushi/vec4 1, 0, 1;
    %store/vec4 v0x7fe5ac8382c0_0, 0, 1;
    %pushi/vec4 0, 0, 4;
    %store/vec4 v0x7fe5ac837ca0_0, 0, 4;
    %pushi/vec4 0, 0, 1;
    %store/vec4 v0x7fe5ac807dc0_0, 0, 1;
    %pushi/vec4 0, 0, 1;
    %store/vec4 v0x7fe5ac838030_0, 0, 1;
    %pushi/vec4 0, 0, 1;
    %store/vec4 v0x7fe5ac837fa0_0, 0, 1;
    %pushi/vec4 1, 0, 1;
    %store/vec4 v0x7fe5ac837e90_0, 0, 1;
    %pushi/vec4 2, 0, 2;
    %store/vec4 v0x7fe5ac8380d0_0, 0, 2;
    %jmp T_0.82;
T_0.80 ;
    %pushi/vec4 0, 0, 1;
    %store/vec4 v0x7fe5ac838180_0, 0, 1;
    %pushi/vec4 0, 0, 1;
    %store/vec4 v0x7fe5ac838220_0, 0, 1;
    %pushi/vec4 1, 0, 1;
    %store/vec4 v0x7fe5ac8382c0_0, 0, 1;
    %pushi/vec4 0, 0, 4;
    %store/vec4 v0x7fe5ac837ca0_0, 0, 4;
    %pushi/vec4 0, 0, 1;
    %store/vec4 v0x7fe5ac807dc0_0, 0, 1;
    %pushi/vec4 0, 0, 1;
    %store/vec4 v0x7fe5ac838030_0, 0, 1;
    %pushi/vec4 0, 0, 1;
    %store/vec4 v0x7fe5ac837fa0_0, 0, 1;
    %pushi/vec4 1, 0, 1;
    %store/vec4 v0x7fe5ac837e90_0, 0, 1;
    %pushi/vec4 2, 0, 2;
    %store/vec4 v0x7fe5ac8380d0_0, 0, 2;
    %jmp T_0.82;
T_0.82 ;
    %pop/vec4 1;
T_0.76 ;
T_0.14 ;
    %jmp T_0.8;
T_0.7 ;
    %load/vec4 v0x7fe5ac838590_0;
    %parti/s 6, 19, 6;
    %store/vec4 v0x7fe5ac838820_0, 0, 6;
    %load/vec4 v0x7fe5ac838620_0;
    %cmpi/e 3, 0, 2;
    %jmp/0xz  T_0.106, 4;
    %pushi/vec4 0, 0, 1;
    %store/vec4 v0x7fe5ac838180_0, 0, 1;
    %pushi/vec4 0, 0, 1;
    %store/vec4 v0x7fe5ac837df0_0, 0, 1;
    %pushi/vec4 0, 0, 1;
    %store/vec4 v0x7fe5ac837d50_0, 0, 1;
    %pushi/vec4 0, 0, 1;
    %store/vec4 v0x7fe5ac807dc0_0, 0, 1;
    %pushi/vec4 0, 0, 4;
    %store/vec4 v0x7fe5ac837ca0_0, 0, 4;
    %pushi/vec4 1, 0, 1;
    %store/vec4 v0x7fe5ac8382c0_0, 0, 1;
    %pushi/vec4 1, 0, 1;
    %store/vec4 v0x7fe5ac837e90_0, 0, 1;
    %load/vec4 v0x7fe5ac838820_0;
    %dup/vec4;
    %pushi/vec4 9, 0, 6;
    %cmp/u;
    %jmp/1 T_0.108, 6;
    %dup/vec4;
    %pushi/vec4 10, 0, 6;
    %cmp/u;
    %jmp/1 T_0.109, 6;
    %dup/vec4;
    %pushi/vec4 0, 0, 6;
    %cmp/u;
    %jmp/1 T_0.110, 6;
    %dup/vec4;
    %pushi/vec4 1, 0, 6;
    %cmp/u;
    %jmp/1 T_0.111, 6;
    %dup/vec4;
    %pushi/vec4 2, 0, 6;
    %cmp/u;
    %jmp/1 T_0.112, 6;
    %dup/vec4;
    %pushi/vec4 5, 0, 6;
    %cmp/u;
    %jmp/1 T_0.113, 6;
    %dup/vec4;
    %pushi/vec4 6, 0, 6;
    %cmp/u;
    %jmp/1 T_0.114, 6;
    %dup/vec4;
    %pushi/vec4 4, 0, 6;
    %cmp/u;
    %jmp/1 T_0.115, 6;
    %jmp T_0.116;
T_0.108 ;
    %pushi/vec4 1, 0, 1;
    %store/vec4 v0x7fe5ac838220_0, 0, 1;
    %pushi/vec4 0, 0, 1;
    %store/vec4 v0x7fe5ac837fa0_0, 0, 1;
    %load/vec4 v0x7fe5ac838820_0;
    %cmpi/e 9, 0, 6;
    %jmp/0xz  T_0.117, 4;
    %pushi/vec4 1, 0, 1;
    %store/vec4 v0x7fe5ac838030_0, 0, 1;
    %pushi/vec4 0, 0, 2;
    %store/vec4 v0x7fe5ac8380d0_0, 0, 2;
    %jmp T_0.118;
T_0.117 ;
    %load/vec4 v0x7fe5ac838820_0;
    %cmpi/e 10, 0, 6;
    %jmp/0xz  T_0.119, 4;
    %pushi/vec4 1, 0, 1;
    %store/vec4 v0x7fe5ac838030_0, 0, 1;
    %pushi/vec4 1, 0, 2;
    %store/vec4 v0x7fe5ac8380d0_0, 0, 2;
    %jmp T_0.120;
T_0.119 ;
    %load/vec4 v0x7fe5ac838820_0;
    %cmpi/e 0, 0, 6;
    %jmp/0xz  T_0.121, 4;
    %pushi/vec4 0, 0, 1;
    %store/vec4 v0x7fe5ac838030_0, 0, 1;
    %pushi/vec4 2, 0, 2;
    %store/vec4 v0x7fe5ac8380d0_0, 0, 2;
    %jmp T_0.122;
T_0.121 ;
    %load/vec4 v0x7fe5ac838820_0;
    %cmpi/e 1, 0, 6;
    %jmp/0xz  T_0.123, 4;
    %pushi/vec4 0, 0, 1;
    %store/vec4 v0x7fe5ac838030_0, 0, 1;
    %pushi/vec4 0, 0, 2;
    %store/vec4 v0x7fe5ac8380d0_0, 0, 2;
    %jmp T_0.124;
T_0.123 ;
    %pushi/vec4 0, 0, 1;
    %store/vec4 v0x7fe5ac838030_0, 0, 1;
    %pushi/vec4 1, 0, 2;
    %store/vec4 v0x7fe5ac8380d0_0, 0, 2;
T_0.124 ;
T_0.122 ;
T_0.120 ;
T_0.118 ;
    %jmp T_0.116;
T_0.109 ;
    %pushi/vec4 1, 0, 1;
    %store/vec4 v0x7fe5ac838220_0, 0, 1;
    %pushi/vec4 0, 0, 1;
    %store/vec4 v0x7fe5ac837fa0_0, 0, 1;
    %load/vec4 v0x7fe5ac838820_0;
    %cmpi/e 9, 0, 6;
    %jmp/0xz  T_0.125, 4;
    %pushi/vec4 1, 0, 1;
    %store/vec4 v0x7fe5ac838030_0, 0, 1;
    %pushi/vec4 0, 0, 2;
    %store/vec4 v0x7fe5ac8380d0_0, 0, 2;
    %jmp T_0.126;
T_0.125 ;
    %load/vec4 v0x7fe5ac838820_0;
    %cmpi/e 10, 0, 6;
    %jmp/0xz  T_0.127, 4;
    %pushi/vec4 1, 0, 1;
    %store/vec4 v0x7fe5ac838030_0, 0, 1;
    %pushi/vec4 1, 0, 2;
    %store/vec4 v0x7fe5ac8380d0_0, 0, 2;
    %jmp T_0.128;
T_0.127 ;
    %load/vec4 v0x7fe5ac838820_0;
    %cmpi/e 0, 0, 6;
    %jmp/0xz  T_0.129, 4;
    %pushi/vec4 0, 0, 1;
    %store/vec4 v0x7fe5ac838030_0, 0, 1;
    %pushi/vec4 2, 0, 2;
    %store/vec4 v0x7fe5ac8380d0_0, 0, 2;
    %jmp T_0.130;
T_0.129 ;
    %load/vec4 v0x7fe5ac838820_0;
    %cmpi/e 1, 0, 6;
    %jmp/0xz  T_0.131, 4;
    %pushi/vec4 0, 0, 1;
    %store/vec4 v0x7fe5ac838030_0, 0, 1;
    %pushi/vec4 0, 0, 2;
    %store/vec4 v0x7fe5ac8380d0_0, 0, 2;
    %jmp T_0.132;
T_0.131 ;
    %pushi/vec4 0, 0, 1;
    %store/vec4 v0x7fe5ac838030_0, 0, 1;
    %pushi/vec4 1, 0, 2;
    %store/vec4 v0x7fe5ac8380d0_0, 0, 2;
T_0.132 ;
T_0.130 ;
T_0.128 ;
T_0.126 ;
    %jmp T_0.116;
T_0.110 ;
    %pushi/vec4 1, 0, 1;
    %store/vec4 v0x7fe5ac838220_0, 0, 1;
    %pushi/vec4 0, 0, 1;
    %store/vec4 v0x7fe5ac837fa0_0, 0, 1;
    %load/vec4 v0x7fe5ac838820_0;
    %cmpi/e 9, 0, 6;
    %jmp/0xz  T_0.133, 4;
    %pushi/vec4 1, 0, 1;
    %store/vec4 v0x7fe5ac838030_0, 0, 1;
    %pushi/vec4 0, 0, 2;
    %store/vec4 v0x7fe5ac8380d0_0, 0, 2;
    %jmp T_0.134;
T_0.133 ;
    %load/vec4 v0x7fe5ac838820_0;
    %cmpi/e 10, 0, 6;
    %jmp/0xz  T_0.135, 4;
    %pushi/vec4 1, 0, 1;
    %store/vec4 v0x7fe5ac838030_0, 0, 1;
    %pushi/vec4 1, 0, 2;
    %store/vec4 v0x7fe5ac8380d0_0, 0, 2;
    %jmp T_0.136;
T_0.135 ;
    %load/vec4 v0x7fe5ac838820_0;
    %cmpi/e 0, 0, 6;
    %jmp/0xz  T_0.137, 4;
    %pushi/vec4 0, 0, 1;
    %store/vec4 v0x7fe5ac838030_0, 0, 1;
    %pushi/vec4 2, 0, 2;
    %store/vec4 v0x7fe5ac8380d0_0, 0, 2;
    %jmp T_0.138;
T_0.137 ;
    %load/vec4 v0x7fe5ac838820_0;
    %cmpi/e 1, 0, 6;
    %jmp/0xz  T_0.139, 4;
    %pushi/vec4 0, 0, 1;
    %store/vec4 v0x7fe5ac838030_0, 0, 1;
    %pushi/vec4 0, 0, 2;
    %store/vec4 v0x7fe5ac8380d0_0, 0, 2;
    %jmp T_0.140;
T_0.139 ;
    %pushi/vec4 0, 0, 1;
    %store/vec4 v0x7fe5ac838030_0, 0, 1;
    %pushi/vec4 1, 0, 2;
    %store/vec4 v0x7fe5ac8380d0_0, 0, 2;
T_0.140 ;
T_0.138 ;
T_0.136 ;
T_0.134 ;
    %jmp T_0.116;
T_0.111 ;
    %pushi/vec4 1, 0, 1;
    %store/vec4 v0x7fe5ac838220_0, 0, 1;
    %pushi/vec4 0, 0, 1;
    %store/vec4 v0x7fe5ac837fa0_0, 0, 1;
    %load/vec4 v0x7fe5ac838820_0;
    %cmpi/e 9, 0, 6;
    %jmp/0xz  T_0.141, 4;
    %pushi/vec4 1, 0, 1;
    %store/vec4 v0x7fe5ac838030_0, 0, 1;
    %pushi/vec4 0, 0, 2;
    %store/vec4 v0x7fe5ac8380d0_0, 0, 2;
    %jmp T_0.142;
T_0.141 ;
    %load/vec4 v0x7fe5ac838820_0;
    %cmpi/e 10, 0, 6;
    %jmp/0xz  T_0.143, 4;
    %pushi/vec4 1, 0, 1;
    %store/vec4 v0x7fe5ac838030_0, 0, 1;
    %pushi/vec4 1, 0, 2;
    %store/vec4 v0x7fe5ac8380d0_0, 0, 2;
    %jmp T_0.144;
T_0.143 ;
    %load/vec4 v0x7fe5ac838820_0;
    %cmpi/e 0, 0, 6;
    %jmp/0xz  T_0.145, 4;
    %pushi/vec4 0, 0, 1;
    %store/vec4 v0x7fe5ac838030_0, 0, 1;
    %pushi/vec4 2, 0, 2;
    %store/vec4 v0x7fe5ac8380d0_0, 0, 2;
    %jmp T_0.146;
T_0.145 ;
    %load/vec4 v0x7fe5ac838820_0;
    %cmpi/e 1, 0, 6;
    %jmp/0xz  T_0.147, 4;
    %pushi/vec4 0, 0, 1;
    %store/vec4 v0x7fe5ac838030_0, 0, 1;
    %pushi/vec4 0, 0, 2;
    %store/vec4 v0x7fe5ac8380d0_0, 0, 2;
    %jmp T_0.148;
T_0.147 ;
    %pushi/vec4 0, 0, 1;
    %store/vec4 v0x7fe5ac838030_0, 0, 1;
    %pushi/vec4 1, 0, 2;
    %store/vec4 v0x7fe5ac8380d0_0, 0, 2;
T_0.148 ;
T_0.146 ;
T_0.144 ;
T_0.142 ;
    %jmp T_0.116;
T_0.112 ;
    %pushi/vec4 1, 0, 1;
    %store/vec4 v0x7fe5ac838220_0, 0, 1;
    %pushi/vec4 0, 0, 1;
    %store/vec4 v0x7fe5ac837fa0_0, 0, 1;
    %load/vec4 v0x7fe5ac838820_0;
    %cmpi/e 9, 0, 6;
    %jmp/0xz  T_0.149, 4;
    %pushi/vec4 1, 0, 1;
    %store/vec4 v0x7fe5ac838030_0, 0, 1;
    %pushi/vec4 0, 0, 2;
    %store/vec4 v0x7fe5ac8380d0_0, 0, 2;
    %jmp T_0.150;
T_0.149 ;
    %load/vec4 v0x7fe5ac838820_0;
    %cmpi/e 10, 0, 6;
    %jmp/0xz  T_0.151, 4;
    %pushi/vec4 1, 0, 1;
    %store/vec4 v0x7fe5ac838030_0, 0, 1;
    %pushi/vec4 1, 0, 2;
    %store/vec4 v0x7fe5ac8380d0_0, 0, 2;
    %jmp T_0.152;
T_0.151 ;
    %load/vec4 v0x7fe5ac838820_0;
    %cmpi/e 0, 0, 6;
    %jmp/0xz  T_0.153, 4;
    %pushi/vec4 0, 0, 1;
    %store/vec4 v0x7fe5ac838030_0, 0, 1;
    %pushi/vec4 2, 0, 2;
    %store/vec4 v0x7fe5ac8380d0_0, 0, 2;
    %jmp T_0.154;
T_0.153 ;
    %load/vec4 v0x7fe5ac838820_0;
    %cmpi/e 1, 0, 6;
    %jmp/0xz  T_0.155, 4;
    %pushi/vec4 0, 0, 1;
    %store/vec4 v0x7fe5ac838030_0, 0, 1;
    %pushi/vec4 0, 0, 2;
    %store/vec4 v0x7fe5ac8380d0_0, 0, 2;
    %jmp T_0.156;
T_0.155 ;
    %pushi/vec4 0, 0, 1;
    %store/vec4 v0x7fe5ac838030_0, 0, 1;
    %pushi/vec4 1, 0, 2;
    %store/vec4 v0x7fe5ac8380d0_0, 0, 2;
T_0.156 ;
T_0.154 ;
T_0.152 ;
T_0.150 ;
    %jmp T_0.116;
T_0.113 ;
    %pushi/vec4 0, 0, 1;
    %store/vec4 v0x7fe5ac838220_0, 0, 1;
    %pushi/vec4 1, 0, 1;
    %store/vec4 v0x7fe5ac837fa0_0, 0, 1;
    %load/vec4 v0x7fe5ac838820_0;
    %cmpi/e 5, 0, 6;
    %jmp/0xz  T_0.157, 4;
    %pushi/vec4 0, 0, 2;
    %store/vec4 v0x7fe5ac8380d0_0, 0, 2;
    %jmp T_0.158;
T_0.157 ;
    %load/vec4 v0x7fe5ac838820_0;
    %cmpi/e 6, 0, 6;
    %jmp/0xz  T_0.159, 4;
    %pushi/vec4 1, 0, 2;
    %store/vec4 v0x7fe5ac8380d0_0, 0, 2;
    %jmp T_0.160;
T_0.159 ;
    %pushi/vec4 2, 0, 2;
    %store/vec4 v0x7fe5ac8380d0_0, 0, 2;
T_0.160 ;
T_0.158 ;
    %jmp T_0.116;
T_0.114 ;
    %pushi/vec4 0, 0, 1;
    %store/vec4 v0x7fe5ac838220_0, 0, 1;
    %pushi/vec4 1, 0, 1;
    %store/vec4 v0x7fe5ac837fa0_0, 0, 1;
    %load/vec4 v0x7fe5ac838820_0;
    %cmpi/e 5, 0, 6;
    %jmp/0xz  T_0.161, 4;
    %pushi/vec4 0, 0, 2;
    %store/vec4 v0x7fe5ac8380d0_0, 0, 2;
    %jmp T_0.162;
T_0.161 ;
    %load/vec4 v0x7fe5ac838820_0;
    %cmpi/e 6, 0, 6;
    %jmp/0xz  T_0.163, 4;
    %pushi/vec4 1, 0, 2;
    %store/vec4 v0x7fe5ac8380d0_0, 0, 2;
    %jmp T_0.164;
T_0.163 ;
    %pushi/vec4 2, 0, 2;
    %store/vec4 v0x7fe5ac8380d0_0, 0, 2;
T_0.164 ;
T_0.162 ;
    %jmp T_0.116;
T_0.115 ;
    %pushi/vec4 0, 0, 1;
    %store/vec4 v0x7fe5ac838220_0, 0, 1;
    %pushi/vec4 1, 0, 1;
    %store/vec4 v0x7fe5ac837fa0_0, 0, 1;
    %load/vec4 v0x7fe5ac838820_0;
    %cmpi/e 5, 0, 6;
    %jmp/0xz  T_0.165, 4;
    %pushi/vec4 0, 0, 2;
    %store/vec4 v0x7fe5ac8380d0_0, 0, 2;
    %jmp T_0.166;
T_0.165 ;
    %load/vec4 v0x7fe5ac838820_0;
    %cmpi/e 6, 0, 6;
    %jmp/0xz  T_0.167, 4;
    %pushi/vec4 1, 0, 2;
    %store/vec4 v0x7fe5ac8380d0_0, 0, 2;
    %jmp T_0.168;
T_0.167 ;
    %pushi/vec4 2, 0, 2;
    %store/vec4 v0x7fe5ac8380d0_0, 0, 2;
T_0.168 ;
T_0.166 ;
    %jmp T_0.116;
T_0.116 ;
    %pop/vec4 1;
    %jmp T_0.107;
T_0.106 ;
    %load/vec4 v0x7fe5ac838620_0;
    %cmpi/e 2, 0, 2;
    %jmp/0xz  T_0.169, 4;
    %pushi/vec4 0, 0, 1;
    %store/vec4 v0x7fe5ac837df0_0, 0, 1;
    %pushi/vec4 0, 0, 1;
    %store/vec4 v0x7fe5ac837d50_0, 0, 1;
    %load/vec4 v0x7fe5ac838820_0;
    %dup/vec4;
    %pushi/vec4 56, 0, 6;
    %cmp/u;
    %jmp/1 T_0.171, 6;
    %dup/vec4;
    %pushi/vec4 60, 0, 6;
    %cmp/u;
    %jmp/1 T_0.172, 6;
    %dup/vec4;
    %pushi/vec4 61, 0, 6;
    %cmp/u;
    %jmp/1 T_0.173, 6;
    %load/vec4 v0x7fe5ac838820_0;
    %dup/vec4;
    %pushi/vec4 0, 0, 6;
    %cmp/u;
    %jmp/1 T_0.176, 6;
    %dup/vec4;
    %pushi/vec4 16, 0, 6;
    %cmp/u;
    %jmp/1 T_0.177, 6;
    %dup/vec4;
    %pushi/vec4 8, 0, 6;
    %cmp/u;
    %jmp/1 T_0.178, 6;
    %dup/vec4;
    %pushi/vec4 24, 0, 6;
    %cmp/u;
    %jmp/1 T_0.179, 6;
    %dup/vec4;
    %pushi/vec4 4, 0, 6;
    %cmp/u;
    %jmp/1 T_0.180, 6;
    %dup/vec4;
    %pushi/vec4 20, 0, 6;
    %cmp/u;
    %jmp/1 T_0.181, 6;
    %dup/vec4;
    %pushi/vec4 12, 0, 6;
    %cmp/u;
    %jmp/1 T_0.182, 6;
    %dup/vec4;
    %pushi/vec4 1, 0, 6;
    %cmp/u;
    %jmp/1 T_0.183, 6;
    %dup/vec4;
    %pushi/vec4 17, 0, 6;
    %cmp/u;
    %jmp/1 T_0.184, 6;
    %dup/vec4;
    %pushi/vec4 5, 0, 6;
    %cmp/u;
    %jmp/1 T_0.185, 6;
    %dup/vec4;
    %pushi/vec4 21, 0, 6;
    %cmp/u;
    %jmp/1 T_0.186, 6;
    %dup/vec4;
    %pushi/vec4 2, 0, 6;
    %cmp/u;
    %jmp/1 T_0.187, 6;
    %dup/vec4;
    %pushi/vec4 18, 0, 6;
    %cmp/u;
    %jmp/1 T_0.188, 6;
    %dup/vec4;
    %pushi/vec4 6, 0, 6;
    %cmp/u;
    %jmp/1 T_0.189, 6;
    %dup/vec4;
    %pushi/vec4 22, 0, 6;
    %cmp/u;
    %jmp/1 T_0.190, 6;
    %dup/vec4;
    %pushi/vec4 3, 0, 6;
    %cmp/u;
    %jmp/1 T_0.191, 6;
    %dup/vec4;
    %pushi/vec4 19, 0, 6;
    %cmp/u;
    %jmp/1 T_0.192, 6;
    %dup/vec4;
    %pushi/vec4 7, 0, 6;
    %cmp/u;
    %jmp/1 T_0.193, 6;
    %dup/vec4;
    %pushi/vec4 23, 0, 6;
    %cmp/u;
    %jmp/1 T_0.194, 6;
    %dup/vec4;
    %pushi/vec4 37, 0, 6;
    %cmp/u;
    %jmp/1 T_0.195, 6;
    %dup/vec4;
    %pushi/vec4 38, 0, 6;
    %cmp/u;
    %jmp/1 T_0.196, 6;
    %dup/vec4;
    %pushi/vec4 39, 0, 6;
    %cmp/u;
    %jmp/1 T_0.197, 6;
    %jmp T_0.198;
T_0.176 ;
    %pushi/vec4 0, 0, 4;
    %store/vec4 v0x7fe5ac837ca0_0, 0, 4;
    %pushi/vec4 0, 0, 1;
    %store/vec4 v0x7fe5ac807dc0_0, 0, 1;
    %jmp T_0.198;
T_0.177 ;
    %pushi/vec4 0, 0, 4;
    %store/vec4 v0x7fe5ac837ca0_0, 0, 4;
    %pushi/vec4 1, 0, 1;
    %store/vec4 v0x7fe5ac807dc0_0, 0, 1;
    %jmp T_0.198;
T_0.178 ;
    %pushi/vec4 1, 0, 4;
    %store/vec4 v0x7fe5ac837ca0_0, 0, 4;
    %pushi/vec4 0, 0, 1;
    %store/vec4 v0x7fe5ac807dc0_0, 0, 1;
    %jmp T_0.198;
T_0.179 ;
    %pushi/vec4 1, 0, 4;
    %store/vec4 v0x7fe5ac837ca0_0, 0, 4;
    %pushi/vec4 1, 0, 1;
    %store/vec4 v0x7fe5ac807dc0_0, 0, 1;
    %jmp T_0.198;
T_0.180 ;
    %pushi/vec4 2, 0, 4;
    %store/vec4 v0x7fe5ac837ca0_0, 0, 4;
    %pushi/vec4 0, 0, 1;
    %store/vec4 v0x7fe5ac807dc0_0, 0, 1;
    %jmp T_0.198;
T_0.181 ;
    %pushi/vec4 2, 0, 4;
    %store/vec4 v0x7fe5ac837ca0_0, 0, 4;
    %pushi/vec4 1, 0, 1;
    %store/vec4 v0x7fe5ac807dc0_0, 0, 1;
    %jmp T_0.198;
T_0.182 ;
    %pushi/vec4 3, 0, 4;
    %store/vec4 v0x7fe5ac837ca0_0, 0, 4;
    %pushi/vec4 0, 0, 1;
    %store/vec4 v0x7fe5ac807dc0_0, 0, 1;
    %jmp T_0.198;
T_0.183 ;
    %pushi/vec4 4, 0, 4;
    %store/vec4 v0x7fe5ac837ca0_0, 0, 4;
    %pushi/vec4 0, 0, 1;
    %store/vec4 v0x7fe5ac807dc0_0, 0, 1;
    %jmp T_0.198;
T_0.184 ;
    %pushi/vec4 4, 0, 4;
    %store/vec4 v0x7fe5ac837ca0_0, 0, 4;
    %pushi/vec4 1, 0, 1;
    %store/vec4 v0x7fe5ac807dc0_0, 0, 1;
    %jmp T_0.198;
T_0.185 ;
    %pushi/vec4 8, 0, 4;
    %store/vec4 v0x7fe5ac837ca0_0, 0, 4;
    %pushi/vec4 0, 0, 1;
    %store/vec4 v0x7fe5ac807dc0_0, 0, 1;
    %jmp T_0.198;
T_0.186 ;
    %pushi/vec4 8, 0, 4;
    %store/vec4 v0x7fe5ac837ca0_0, 0, 4;
    %pushi/vec4 1, 0, 1;
    %store/vec4 v0x7fe5ac807dc0_0, 0, 1;
    %jmp T_0.198;
T_0.187 ;
    %pushi/vec4 5, 0, 4;
    %store/vec4 v0x7fe5ac837ca0_0, 0, 4;
    %pushi/vec4 0, 0, 1;
    %store/vec4 v0x7fe5ac807dc0_0, 0, 1;
    %jmp T_0.198;
T_0.188 ;
    %pushi/vec4 5, 0, 4;
    %store/vec4 v0x7fe5ac837ca0_0, 0, 4;
    %pushi/vec4 1, 0, 1;
    %store/vec4 v0x7fe5ac807dc0_0, 0, 1;
    %jmp T_0.198;
T_0.189 ;
    %pushi/vec4 9, 0, 4;
    %store/vec4 v0x7fe5ac837ca0_0, 0, 4;
    %pushi/vec4 0, 0, 1;
    %store/vec4 v0x7fe5ac807dc0_0, 0, 1;
    %jmp T_0.198;
T_0.190 ;
    %pushi/vec4 9, 0, 4;
    %store/vec4 v0x7fe5ac837ca0_0, 0, 4;
    %pushi/vec4 1, 0, 1;
    %store/vec4 v0x7fe5ac807dc0_0, 0, 1;
    %jmp T_0.198;
T_0.191 ;
    %pushi/vec4 6, 0, 4;
    %store/vec4 v0x7fe5ac837ca0_0, 0, 4;
    %pushi/vec4 0, 0, 1;
    %store/vec4 v0x7fe5ac807dc0_0, 0, 1;
    %jmp T_0.198;
T_0.192 ;
    %pushi/vec4 6, 0, 4;
    %store/vec4 v0x7fe5ac837ca0_0, 0, 4;
    %pushi/vec4 1, 0, 1;
    %store/vec4 v0x7fe5ac807dc0_0, 0, 1;
    %jmp T_0.198;
T_0.193 ;
    %pushi/vec4 7, 0, 4;
    %store/vec4 v0x7fe5ac837ca0_0, 0, 4;
    %pushi/vec4 0, 0, 1;
    %store/vec4 v0x7fe5ac807dc0_0, 0, 1;
    %jmp T_0.198;
T_0.194 ;
    %pushi/vec4 7, 0, 4;
    %store/vec4 v0x7fe5ac837ca0_0, 0, 4;
    %pushi/vec4 1, 0, 1;
    %store/vec4 v0x7fe5ac807dc0_0, 0, 1;
    %jmp T_0.198;
T_0.195 ;
    %pushi/vec4 10, 0, 4;
    %store/vec4 v0x7fe5ac837ca0_0, 0, 4;
    %pushi/vec4 0, 0, 1;
    %store/vec4 v0x7fe5ac807dc0_0, 0, 1;
    %jmp T_0.198;
T_0.196 ;
    %pushi/vec4 11, 0, 4;
    %store/vec4 v0x7fe5ac837ca0_0, 0, 4;
    %pushi/vec4 0, 0, 1;
    %store/vec4 v0x7fe5ac807dc0_0, 0, 1;
    %jmp T_0.198;
T_0.197 ;
    %pushi/vec4 12, 0, 4;
    %store/vec4 v0x7fe5ac837ca0_0, 0, 4;
    %pushi/vec4 0, 0, 1;
    %store/vec4 v0x7fe5ac807dc0_0, 0, 1;
    %jmp T_0.198;
T_0.198 ;
    %pop/vec4 1;
    %pushi/vec4 0, 0, 1;
    %store/vec4 v0x7fe5ac838180_0, 0, 1;
    %pushi/vec4 0, 0, 1;
    %store/vec4 v0x7fe5ac837df0_0, 0, 1;
    %pushi/vec4 0, 0, 1;
    %store/vec4 v0x7fe5ac837d50_0, 0, 1;
    %pushi/vec4 0, 0, 1;
    %store/vec4 v0x7fe5ac838220_0, 0, 1;
    %pushi/vec4 0, 0, 1;
    %store/vec4 v0x7fe5ac8382c0_0, 0, 1;
    %pushi/vec4 0, 0, 1;
    %store/vec4 v0x7fe5ac838030_0, 0, 1;
    %pushi/vec4 0, 0, 1;
    %store/vec4 v0x7fe5ac837fa0_0, 0, 1;
    %pushi/vec4 0, 0, 1;
    %store/vec4 v0x7fe5ac837e90_0, 0, 1;
    %pushi/vec4 0, 0, 2;
    %store/vec4 v0x7fe5ac8380d0_0, 0, 2;
    %jmp T_0.175;
T_0.171 ;
    %pushi/vec4 1, 0, 1;
    %store/vec4 v0x7fe5ac838180_0, 0, 1;
    %pushi/vec4 0, 0, 1;
    %store/vec4 v0x7fe5ac838220_0, 0, 1;
    %pushi/vec4 0, 0, 1;
    %store/vec4 v0x7fe5ac838030_0, 0, 1;
    %pushi/vec4 0, 0, 1;
    %store/vec4 v0x7fe5ac837fa0_0, 0, 1;
    %pushi/vec4 0, 0, 1;
    %store/vec4 v0x7fe5ac8382c0_0, 0, 1;
    %pushi/vec4 0, 0, 4;
    %store/vec4 v0x7fe5ac837ca0_0, 0, 4;
    %pushi/vec4 0, 0, 1;
    %store/vec4 v0x7fe5ac837e90_0, 0, 1;
    %pushi/vec4 0, 0, 2;
    %store/vec4 v0x7fe5ac8380d0_0, 0, 2;
    %pushi/vec4 0, 0, 1;
    %store/vec4 v0x7fe5ac807dc0_0, 0, 1;
    %jmp T_0.175;
T_0.172 ;
    %pushi/vec4 0, 0, 1;
    %store/vec4 v0x7fe5ac838180_0, 0, 1;
    %pushi/vec4 0, 0, 1;
    %store/vec4 v0x7fe5ac838220_0, 0, 1;
    %pushi/vec4 1, 0, 1;
    %store/vec4 v0x7fe5ac8382c0_0, 0, 1;
    %pushi/vec4 0, 0, 4;
    %store/vec4 v0x7fe5ac837ca0_0, 0, 4;
    %pushi/vec4 0, 0, 1;
    %store/vec4 v0x7fe5ac807dc0_0, 0, 1;
    %pushi/vec4 0, 0, 1;
    %store/vec4 v0x7fe5ac838030_0, 0, 1;
    %pushi/vec4 0, 0, 1;
    %store/vec4 v0x7fe5ac837fa0_0, 0, 1;
    %pushi/vec4 1, 0, 1;
    %store/vec4 v0x7fe5ac837e90_0, 0, 1;
    %pushi/vec4 2, 0, 2;
    %store/vec4 v0x7fe5ac8380d0_0, 0, 2;
    %jmp T_0.175;
T_0.173 ;
    %pushi/vec4 0, 0, 1;
    %store/vec4 v0x7fe5ac838180_0, 0, 1;
    %pushi/vec4 0, 0, 1;
    %store/vec4 v0x7fe5ac838220_0, 0, 1;
    %pushi/vec4 1, 0, 1;
    %store/vec4 v0x7fe5ac8382c0_0, 0, 1;
    %pushi/vec4 0, 0, 4;
    %store/vec4 v0x7fe5ac837ca0_0, 0, 4;
    %pushi/vec4 0, 0, 1;
    %store/vec4 v0x7fe5ac807dc0_0, 0, 1;
    %pushi/vec4 0, 0, 1;
    %store/vec4 v0x7fe5ac838030_0, 0, 1;
    %pushi/vec4 0, 0, 1;
    %store/vec4 v0x7fe5ac837fa0_0, 0, 1;
    %pushi/vec4 1, 0, 1;
    %store/vec4 v0x7fe5ac837e90_0, 0, 1;
    %pushi/vec4 2, 0, 2;
    %store/vec4 v0x7fe5ac8380d0_0, 0, 2;
    %jmp T_0.175;
T_0.175 ;
    %pop/vec4 1;
T_0.169 ;
T_0.107 ;
    %jmp T_0.8;
T_0.8 ;
    %pop/vec4 1;
T_0.3 ;
    %load/vec4 v0x7fe5ac838590_0;
    %parti/s 1, 31, 6;
    %store/vec4 v0x7fe5ac837bc0_0, 0, 1;
    %load/vec4 v0x7fe5ac838590_0;
    %parti/s 1, 30, 6;
    %store/vec4 v0x7fe5ac837b20_0, 0, 1;
    %load/vec4 v0x7fe5ac838590_0;
    %parti/s 1, 24, 6;
    %store/vec4 v0x7fe5ac837a90_0, 0, 1;
    %load/vec4 v0x7fe5ac838590_0;
    %parti/s 1, 13, 5;
    %store/vec4 v0x7fe5ac8379f0_0, 0, 1;
    %load/vec4 v0x7fe5ac838180_0;
    %ix/load 4, 0, 0;
    %flag_set/imm 4, 0;
    %store/vec4 v0x7fe5ac8386c0_0, 4, 1;
    %load/vec4 v0x7fe5ac837df0_0;
    %ix/load 4, 1, 0;
    %flag_set/imm 4, 0;
    %store/vec4 v0x7fe5ac8386c0_0, 4, 1;
    %load/vec4 v0x7fe5ac837d50_0;
    %ix/load 4, 2, 0;
    %flag_set/imm 4, 0;
    %store/vec4 v0x7fe5ac8386c0_0, 4, 1;
    %load/vec4 v0x7fe5ac838220_0;
    %ix/load 4, 3, 0;
    %flag_set/imm 4, 0;
    %store/vec4 v0x7fe5ac8386c0_0, 4, 1;
    %load/vec4 v0x7fe5ac8382c0_0;
    %ix/load 4, 4, 0;
    %flag_set/imm 4, 0;
    %store/vec4 v0x7fe5ac8386c0_0, 4, 1;
    %load/vec4 v0x7fe5ac838030_0;
    %ix/load 4, 5, 0;
    %flag_set/imm 4, 0;
    %store/vec4 v0x7fe5ac8386c0_0, 4, 1;
    %load/vec4 v0x7fe5ac837fa0_0;
    %ix/load 4, 6, 0;
    %flag_set/imm 4, 0;
    %store/vec4 v0x7fe5ac8386c0_0, 4, 1;
    %load/vec4 v0x7fe5ac837e90_0;
    %ix/load 4, 7, 0;
    %flag_set/imm 4, 0;
    %store/vec4 v0x7fe5ac8386c0_0, 4, 1;
    %load/vec4 v0x7fe5ac8380d0_0;
    %ix/load 4, 8, 0;
    %flag_set/imm 4, 0;
    %store/vec4 v0x7fe5ac8386c0_0, 4, 2;
    %load/vec4 v0x7fe5ac837bc0_0;
    %ix/load 4, 10, 0;
    %flag_set/imm 4, 0;
    %store/vec4 v0x7fe5ac8386c0_0, 4, 1;
    %load/vec4 v0x7fe5ac837b20_0;
    %ix/load 4, 11, 0;
    %flag_set/imm 4, 0;
    %store/vec4 v0x7fe5ac8386c0_0, 4, 1;
    %load/vec4 v0x7fe5ac837a90_0;
    %ix/load 4, 12, 0;
    %flag_set/imm 4, 0;
    %store/vec4 v0x7fe5ac8386c0_0, 4, 1;
    %load/vec4 v0x7fe5ac8379f0_0;
    %ix/load 4, 13, 0;
    %flag_set/imm 4, 0;
    %store/vec4 v0x7fe5ac8386c0_0, 4, 1;
    %load/vec4 v0x7fe5ac837ca0_0;
    %ix/load 4, 14, 0;
    %flag_set/imm 4, 0;
    %store/vec4 v0x7fe5ac8386c0_0, 4, 4;
    %load/vec4 v0x7fe5ac807dc0_0;
    %ix/load 4, 18, 0;
    %flag_set/imm 4, 0;
    %store/vec4 v0x7fe5ac8386c0_0, 4, 1;
T_0.0 ;
    %jmp T_0;
    .thread T_0;
    .scope S_0x7fe5ac8050c0;
T_1 ;
    %wait E_0x7fe5ac837f20;
    %load/vec4 v0x7fe5ac8393d0_0;
    %cmpi/e 0, 0, 1;
    %jmp/0xz  T_1.0, 4;
    %load/vec4 v0x7fe5ac839560_0;
    %parti/s 1, 0, 2;
    %assign/vec4 v0x7fe5ac8391f0_0, 0;
    %load/vec4 v0x7fe5ac839560_0;
    %parti/s 1, 1, 2;
    %assign/vec4 v0x7fe5ac838e60_0, 0;
    %load/vec4 v0x7fe5ac839560_0;
    %parti/s 1, 2, 3;
    %assign/vec4 v0x7fe5ac838dc0_0, 0;
    %load/vec4 v0x7fe5ac839560_0;
    %parti/s 1, 3, 3;
    %assign/vec4 v0x7fe5ac839290_0, 0;
    %load/vec4 v0x7fe5ac839560_0;
    %parti/s 1, 4, 4;
    %assign/vec4 v0x7fe5ac839330_0, 0;
    %load/vec4 v0x7fe5ac839560_0;
    %parti/s 1, 5, 4;
    %assign/vec4 v0x7fe5ac8390a0_0, 0;
    %load/vec4 v0x7fe5ac839560_0;
    %parti/s 1, 6, 4;
    %assign/vec4 v0x7fe5ac839000_0, 0;
    %load/vec4 v0x7fe5ac839560_0;
    %parti/s 1, 7, 4;
    %assign/vec4 v0x7fe5ac838f70_0, 0;
    %load/vec4 v0x7fe5ac839560_0;
    %parti/s 2, 8, 5;
    %assign/vec4 v0x7fe5ac839140_0, 0;
    %load/vec4 v0x7fe5ac839560_0;
    %parti/s 1, 10, 5;
    %assign/vec4 v0x7fe5ac838b80_0, 0;
    %load/vec4 v0x7fe5ac839560_0;
    %parti/s 1, 11, 5;
    %assign/vec4 v0x7fe5ac838ae0_0, 0;
    %load/vec4 v0x7fe5ac839560_0;
    %parti/s 1, 12, 5;
    %assign/vec4 v0x7fe5ac838a50_0, 0;
    %load/vec4 v0x7fe5ac839560_0;
    %parti/s 1, 13, 5;
    %assign/vec4 v0x7fe5ac8389c0_0, 0;
    %load/vec4 v0x7fe5ac839560_0;
    %parti/s 4, 14, 5;
    %assign/vec4 v0x7fe5ac838c60_0, 0;
    %load/vec4 v0x7fe5ac839560_0;
    %parti/s 1, 18, 6;
    %assign/vec4 v0x7fe5ac838930_0, 0;
    %jmp T_1.1;
T_1.0 ;
    %pushi/vec4 0, 0, 1;
    %assign/vec4 v0x7fe5ac8391f0_0, 0;
    %pushi/vec4 0, 0, 1;
    %assign/vec4 v0x7fe5ac838e60_0, 0;
    %pushi/vec4 0, 0, 1;
    %assign/vec4 v0x7fe5ac838dc0_0, 0;
    %pushi/vec4 0, 0, 1;
    %assign/vec4 v0x7fe5ac839290_0, 0;
    %pushi/vec4 0, 0, 1;
    %assign/vec4 v0x7fe5ac839330_0, 0;
    %pushi/vec4 0, 0, 1;
    %assign/vec4 v0x7fe5ac8390a0_0, 0;
    %pushi/vec4 0, 0, 1;
    %assign/vec4 v0x7fe5ac839000_0, 0;
    %pushi/vec4 0, 0, 1;
    %assign/vec4 v0x7fe5ac838f70_0, 0;
    %pushi/vec4 0, 0, 2;
    %assign/vec4 v0x7fe5ac839140_0, 0;
    %pushi/vec4 0, 0, 1;
    %assign/vec4 v0x7fe5ac838b80_0, 0;
    %pushi/vec4 0, 0, 1;
    %assign/vec4 v0x7fe5ac838ae0_0, 0;
    %pushi/vec4 0, 0, 1;
    %assign/vec4 v0x7fe5ac838a50_0, 0;
    %pushi/vec4 0, 0, 1;
    %assign/vec4 v0x7fe5ac8389c0_0, 0;
    %pushi/vec4 0, 0, 4;
    %assign/vec4 v0x7fe5ac838c60_0, 0;
    %pushi/vec4 0, 0, 1;
    %assign/vec4 v0x7fe5ac838930_0, 0;
T_1.1 ;
    %jmp T_1;
    .thread T_1, $push;
# The file index is used to find the file name in the following table.
:file_names 3;
    "N/A";
    "<interactive>";
    "control-unit.v";
